-------------------------------------------------------------------------------
Test set: com.example.manageruniversity.mapper.RoomClassMapperTest
-------------------------------------------------------------------------------
Tests run: 2, Failures: 0, Errors: 1, Skipped: 0, Time elapsed: 0.034 s <<< FAILURE! -- in com.example.manageruniversity.mapper.RoomClassMapperTest
com.example.manageruniversity.mapper.RoomClassMapperTest.roomClassToDTO -- Time elapsed: 0.019 s <<< ERROR!
java.lang.StackOverflowError
	at com.example.manageruniversity.mapper.RoomClassMapperImpl.timeListToTimeDTOList(RoomClassMapperImpl.java:83)
	at com.example.manageruniversity.mapper.RoomClassMapperImpl.roomClassToDTO(RoomClassMapperImpl.java:44)
	at com.example.manageruniversity.mapper.RoomClassMapperImpl.timeToDTO(RoomClassMapperImpl.java:73)
	at com.example.manageruniversity.mapper.RoomClassMapperImpl.timeListToTimeDTOList(RoomClassMapperImpl.java:85)
	at com.example.manageruniversity.mapper.RoomClassMapperImpl.roomClassToDTO(RoomClassMapperImpl.java:44)
	at com.example.manageruniversity.mapper.RoomClassMapperImpl.timeToDTO(RoomClassMapperImpl.java:73)
	at com.example.manageruniversity.mapper.RoomClassMapperImpl.timeListToTimeDTOList(RoomClassMapperImpl.java:85)
	at com.example.manageruniversity.mapper.RoomClassMapperImpl.roomClassToDTO(RoomClassMapperImpl.java:44)
	at com.example.manageruniversity.mapper.RoomClassMapperImpl.timeToDTO(RoomClassMapperImpl.java:73)
	at com.example.manageruniversity.mapper.RoomClassMapperImpl.timeListToTimeDTOList(RoomClassMapperImpl.java:85)
	at com.example.manageruniversity.mapper.RoomClassMapperImpl.roomClassToDTO(RoomClassMapperImpl.java:44)
	at com.example.manageruniversity.mapper.RoomClassMapperImpl.timeToDTO(RoomClassMapperImpl.java:73)
	at com.example.manageruniversity.mapper.RoomClassMapperImpl.timeListToTimeDTOList(RoomClassMapperImpl.java:85)
	at com.example.manageruniversity.mapper.RoomClassMapperImpl.roomClassToDTO(RoomClassMapperImpl.java:44)
	at com.example.manageruniversity.mapper.RoomClassMapperImpl.timeToDTO(RoomClassMapperImpl.java:73)
	at com.example.manageruniversity.mapper.RoomClassMapperImpl.timeListToTimeDTOList(RoomClassMapperImpl.java:85)
	at com.example.manageruniversity.mapper.RoomClassMapperImpl.roomClassToDTO(RoomClassMapperImpl.java:44)
	at com.example.manageruniversity.mapper.RoomClassMapperImpl.timeToDTO(RoomClassMapperImpl.java:73)
	at com.example.manageruniversity.mapper.RoomClassMapperImpl.timeListToTimeDTOList(RoomClassMapperImpl.java:85)
	at com.example.manageruniversity.mapper.RoomClassMapperImpl.roomClassToDTO(RoomClassMapperImpl.java:44)
	at com.example.manageruniversity.mapper.RoomClassMapperImpl.timeToDTO(RoomClassMapperImpl.java:73)
	at com.example.manageruniversity.mapper.RoomClassMapperImpl.timeListToTimeDTOList(RoomClassMapperImpl.java:85)
	at com.example.manageruniversity.mapper.RoomClassMapperImpl.roomClassToDTO(RoomClassMapperImpl.java:44)
	at com.example.manageruniversity.mapper.RoomClassMapperImpl.timeToDTO(RoomClassMapperImpl.java:73)
	at com.example.manageruniversity.mapper.RoomClassMapperImpl.timeListToTimeDTOList(RoomClassMapperImpl.java:85)
	at com.example.manageruniversity.mapper.RoomClassMapperImpl.roomClassToDTO(RoomClassMapperImpl.java:44)
	at com.example.manageruniversity.mapper.RoomClassMapperImpl.timeToDTO(RoomClassMapperImpl.java:73)
	at com.example.manageruniversity.mapper.RoomClassMapperImpl.timeListToTimeDTOList(RoomClassMapperImpl.java:85)
	at com.example.manageruniversity.mapper.RoomClassMapperImpl.roomClassToDTO(RoomClassMapperImpl.java:44)
	at com.example.manageruniversity.mapper.RoomClassMapperImpl.timeToDTO(RoomClassMapperImpl.java:73)
	at com.example.manageruniversity.mapper.RoomClassMapperImpl.timeListToTimeDTOList(RoomClassMapperImpl.java:85)
	at com.example.manageruniversity.mapper.RoomClassMapperImpl.roomClassToDTO(RoomClassMapperImpl.java:44)
	at com.example.manageruniversity.mapper.RoomClassMapperImpl.timeToDTO(RoomClassMapperImpl.java:73)
	at com.example.manageruniversity.mapper.RoomClassMapperImpl.timeListToTimeDTOList(RoomClassMapperImpl.java:85)
	at com.example.manageruniversity.mapper.RoomClassMapperImpl.roomClassToDTO(RoomClassMapperImpl.java:44)
	at com.example.manageruniversity.mapper.RoomClassMapperImpl.timeToDTO(RoomClassMapperImpl.java:73)
	at com.example.manageruniversity.mapper.RoomClassMapperImpl.timeListToTimeDTOList(RoomClassMapperImpl.java:85)
	at com.example.manageruniversity.mapper.RoomClassMapperImpl.roomClassToDTO(RoomClassMapperImpl.java:44)
	at com.example.manageruniversity.mapper.RoomClassMapperImpl.timeToDTO(RoomClassMapperImpl.java:73)
	at com.example.manageruniversity.mapper.RoomClassMapperImpl.timeListToTimeDTOList(RoomClassMapperImpl.java:85)
	at com.example.manageruniversity.mapper.RoomClassMapperImpl.roomClassToDTO(RoomClassMapperImpl.java:44)
	at com.example.manageruniversity.mapper.RoomClassMapperImpl.timeToDTO(RoomClassMapperImpl.java:73)
	at com.example.manageruniversity.mapper.RoomClassMapperImpl.timeListToTimeDTOList(RoomClassMapperImpl.java:85)
	at com.example.manageruniversity.mapper.RoomClassMapperImpl.roomClassToDTO(RoomClassMapperImpl.java:44)
	at com.example.manageruniversity.mapper.RoomClassMapperImpl.timeToDTO(RoomClassMapperImpl.java:73)
	at com.example.manageruniversity.mapper.RoomClassMapperImpl.timeListToTimeDTOList(RoomClassMapperImpl.java:85)
	at com.example.manageruniversity.mapper.RoomClassMapperImpl.roomClassToDTO(RoomClassMapperImpl.java:44)
	at com.example.manageruniversity.mapper.RoomClassMapperImpl.timeToDTO(RoomClassMapperImpl.java:73)
	at com.example.manageruniversity.mapper.RoomClassMapperImpl.timeListToTimeDTOList(RoomClassMapperImpl.java:85)
	at com.example.manageruniversity.mapper.RoomClassMapperImpl.roomClassToDTO(RoomClassMapperImpl.java:44)
	at com.example.manageruniversity.mapper.RoomClassMapperImpl.timeToDTO(RoomClassMapperImpl.java:73)
	at com.example.manageruniversity.mapper.RoomClassMapperImpl.timeListToTimeDTOList(RoomClassMapperImpl.java:85)
	at com.example.manageruniversity.mapper.RoomClassMapperImpl.roomClassToDTO(RoomClassMapperImpl.java:44)
	at com.example.manageruniversity.mapper.RoomClassMapperImpl.timeToDTO(RoomClassMapperImpl.java:73)
	at com.example.manageruniversity.mapper.RoomClassMapperImpl.timeListToTimeDTOList(RoomClassMapperImpl.java:85)
	at com.example.manageruniversity.mapper.RoomClassMapperImpl.roomClassToDTO(RoomClassMapperImpl.java:44)
	at com.example.manageruniversity.mapper.RoomClassMapperImpl.timeToDTO(RoomClassMapperImpl.java:73)
	at com.example.manageruniversity.mapper.RoomClassMapperImpl.timeListToTimeDTOList(RoomClassMapperImpl.java:85)
	at com.example.manageruniversity.mapper.RoomClassMapperImpl.roomClassToDTO(RoomClassMapperImpl.java:44)
	at com.example.manageruniversity.mapper.RoomClassMapperImpl.timeToDTO(RoomClassMapperImpl.java:73)
	at com.example.manageruniversity.mapper.RoomClassMapperImpl.timeListToTimeDTOList(RoomClassMapperImpl.java:85)
	at com.example.manageruniversity.mapper.RoomClassMapperImpl.roomClassToDTO(RoomClassMapperImpl.java:44)
	at com.example.manageruniversity.mapper.RoomClassMapperImpl.timeToDTO(RoomClassMapperImpl.java:73)
	at com.example.manageruniversity.mapper.RoomClassMapperImpl.timeListToTimeDTOList(RoomClassMapperImpl.java:85)
	at com.example.manageruniversity.mapper.RoomClassMapperImpl.roomClassToDTO(RoomClassMapperImpl.java:44)
	at com.example.manageruniversity.mapper.RoomClassMapperImpl.timeToDTO(RoomClassMapperImpl.java:73)
	at com.example.manageruniversity.mapper.RoomClassMapperImpl.timeListToTimeDTOList(RoomClassMapperImpl.java:85)
	at com.example.manageruniversity.mapper.RoomClassMapperImpl.roomClassToDTO(RoomClassMapperImpl.java:44)
	at com.example.manageruniversity.mapper.RoomClassMapperImpl.timeToDTO(RoomClassMapperImpl.java:73)
	at com.example.manageruniversity.mapper.RoomClassMapperImpl.timeListToTimeDTOList(RoomClassMapperImpl.java:85)
	at com.example.manageruniversity.mapper.RoomClassMapperImpl.roomClassToDTO(RoomClassMapperImpl.java:44)
	at com.example.manageruniversity.mapper.RoomClassMapperImpl.timeToDTO(RoomClassMapperImpl.java:73)
	at com.example.manageruniversity.mapper.RoomClassMapperImpl.timeListToTimeDTOList(RoomClassMapperImpl.java:85)
	at com.example.manageruniversity.mapper.RoomClassMapperImpl.roomClassToDTO(RoomClassMapperImpl.java:44)
	at com.example.manageruniversity.mapper.RoomClassMapperImpl.timeToDTO(RoomClassMapperImpl.java:73)
	at com.example.manageruniversity.mapper.RoomClassMapperImpl.timeListToTimeDTOList(RoomClassMapperImpl.java:85)
	at com.example.manageruniversity.mapper.RoomClassMapperImpl.roomClassToDTO(RoomClassMapperImpl.java:44)
	at com.example.manageruniversity.mapper.RoomClassMapperImpl.timeToDTO(RoomClassMapperImpl.java:73)
	at com.example.manageruniversity.mapper.RoomClassMapperImpl.timeListToTimeDTOList(RoomClassMapperImpl.java:85)
	at com.example.manageruniversity.mapper.RoomClassMapperImpl.roomClassToDTO(RoomClassMapperImpl.java:44)
	at com.example.manageruniversity.mapper.RoomClassMapperImpl.timeToDTO(RoomClassMapperImpl.java:73)
	at com.example.manageruniversity.mapper.RoomClassMapperImpl.timeListToTimeDTOList(RoomClassMapperImpl.java:85)
	at com.example.manageruniversity.mapper.RoomClassMapperImpl.roomClassToDTO(RoomClassMapperImpl.java:44)
	at com.example.manageruniversity.mapper.RoomClassMapperImpl.timeToDTO(RoomClassMapperImpl.java:73)
	at com.example.manageruniversity.mapper.RoomClassMapperImpl.timeListToTimeDTOList(RoomClassMapperImpl.java:85)
	at com.example.manageruniversity.mapper.RoomClassMapperImpl.roomClassToDTO(RoomClassMapperImpl.java:44)
	at com.example.manageruniversity.mapper.RoomClassMapperImpl.timeToDTO(RoomClassMapperImpl.java:73)
	at com.example.manageruniversity.mapper.RoomClassMapperImpl.timeListToTimeDTOList(RoomClassMapperImpl.java:85)
	at com.example.manageruniversity.mapper.RoomClassMapperImpl.roomClassToDTO(RoomClassMapperImpl.java:44)
	at com.example.manageruniversity.mapper.RoomClassMapperImpl.timeToDTO(RoomClassMapperImpl.java:73)
	at com.example.manageruniversity.mapper.RoomClassMapperImpl.timeListToTimeDTOList(RoomClassMapperImpl.java:85)
	at com.example.manageruniversity.mapper.RoomClassMapperImpl.roomClassToDTO(RoomClassMapperImpl.java:44)
	at com.example.manageruniversity.mapper.RoomClassMapperImpl.timeToDTO(RoomClassMapperImpl.java:73)
	at com.example.manageruniversity.mapper.RoomClassMapperImpl.timeListToTimeDTOList(RoomClassMapperImpl.java:85)
	at com.example.manageruniversity.mapper.RoomClassMapperImpl.roomClassToDTO(RoomClassMapperImpl.java:44)
	at com.example.manageruniversity.mapper.RoomClassMapperImpl.timeToDTO(RoomClassMapperImpl.java:73)
	at com.example.manageruniversity.mapper.RoomClassMapperImpl.timeListToTimeDTOList(RoomClassMapperImpl.java:85)
	at com.example.manageruniversity.mapper.RoomClassMapperImpl.roomClassToDTO(RoomClassMapperImpl.java:44)
	at com.example.manageruniversity.mapper.RoomClassMapperImpl.timeToDTO(RoomClassMapperImpl.java:73)
	at com.example.manageruniversity.mapper.RoomClassMapperImpl.timeListToTimeDTOList(RoomClassMapperImpl.java:85)
	at com.example.manageruniversity.mapper.RoomClassMapperImpl.roomClassToDTO(RoomClassMapperImpl.java:44)
	at com.example.manageruniversity.mapper.RoomClassMapperImpl.timeToDTO(RoomClassMapperImpl.java:73)
	at com.example.manageruniversity.mapper.RoomClassMapperImpl.timeListToTimeDTOList(RoomClassMapperImpl.java:85)
	at com.example.manageruniversity.mapper.RoomClassMapperImpl.roomClassToDTO(RoomClassMapperImpl.java:44)
	at com.example.manageruniversity.mapper.RoomClassMapperImpl.timeToDTO(RoomClassMapperImpl.java:73)
	at com.example.manageruniversity.mapper.RoomClassMapperImpl.timeListToTimeDTOList(RoomClassMapperImpl.java:85)
	at com.example.manageruniversity.mapper.RoomClassMapperImpl.roomClassToDTO(RoomClassMapperImpl.java:44)
	at com.example.manageruniversity.mapper.RoomClassMapperImpl.timeToDTO(RoomClassMapperImpl.java:73)
	at com.example.manageruniversity.mapper.RoomClassMapperImpl.timeListToTimeDTOList(RoomClassMapperImpl.java:85)
	at com.example.manageruniversity.mapper.RoomClassMapperImpl.roomClassToDTO(RoomClassMapperImpl.java:44)
	at com.example.manageruniversity.mapper.RoomClassMapperImpl.timeToDTO(RoomClassMapperImpl.java:73)
	at com.example.manageruniversity.mapper.RoomClassMapperImpl.timeListToTimeDTOList(RoomClassMapperImpl.java:85)
	at com.example.manageruniversity.mapper.RoomClassMapperImpl.roomClassToDTO(RoomClassMapperImpl.java:44)
	at com.example.manageruniversity.mapper.RoomClassMapperImpl.timeToDTO(RoomClassMapperImpl.java:73)
	at com.example.manageruniversity.mapper.RoomClassMapperImpl.timeListToTimeDTOList(RoomClassMapperImpl.java:85)
	at com.example.manageruniversity.mapper.RoomClassMapperImpl.roomClassToDTO(RoomClassMapperImpl.java:44)
	at com.example.manageruniversity.mapper.RoomClassMapperImpl.timeToDTO(RoomClassMapperImpl.java:73)
	at com.example.manageruniversity.mapper.RoomClassMapperImpl.timeListToTimeDTOList(RoomClassMapperImpl.java:85)
	at com.example.manageruniversity.mapper.RoomClassMapperImpl.roomClassToDTO(RoomClassMapperImpl.java:44)
	at com.example.manageruniversity.mapper.RoomClassMapperImpl.timeToDTO(RoomClassMapperImpl.java:73)
	at com.example.manageruniversity.mapper.RoomClassMapperImpl.timeListToTimeDTOList(RoomClassMapperImpl.java:85)
	at com.example.manageruniversity.mapper.RoomClassMapperImpl.roomClassToDTO(RoomClassMapperImpl.java:44)
	at com.example.manageruniversity.mapper.RoomClassMapperImpl.timeToDTO(RoomClassMapperImpl.java:73)
	at com.example.manageruniversity.mapper.RoomClassMapperImpl.timeListToTimeDTOList(RoomClassMapperImpl.java:85)
	at com.example.manageruniversity.mapper.RoomClassMapperImpl.roomClassToDTO(RoomClassMapperImpl.java:44)
	at com.example.manageruniversity.mapper.RoomClassMapperImpl.timeToDTO(RoomClassMapperImpl.java:73)
	at com.example.manageruniversity.mapper.RoomClassMapperImpl.timeListToTimeDTOList(RoomClassMapperImpl.java:85)
	at com.example.manageruniversity.mapper.RoomClassMapperImpl.roomClassToDTO(RoomClassMapperImpl.java:44)
	at com.example.manageruniversity.mapper.RoomClassMapperImpl.timeToDTO(RoomClassMapperImpl.java:73)
	at com.example.manageruniversity.mapper.RoomClassMapperImpl.timeListToTimeDTOList(RoomClassMapperImpl.java:85)
	at com.example.manageruniversity.mapper.RoomClassMapperImpl.roomClassToDTO(RoomClassMapperImpl.java:44)
	at com.example.manageruniversity.mapper.RoomClassMapperImpl.timeToDTO(RoomClassMapperImpl.java:73)
	at com.example.manageruniversity.mapper.RoomClassMapperImpl.timeListToTimeDTOList(RoomClassMapperImpl.java:85)
	at com.example.manageruniversity.mapper.RoomClassMapperImpl.roomClassToDTO(RoomClassMapperImpl.java:44)
	at com.example.manageruniversity.mapper.RoomClassMapperImpl.timeToDTO(RoomClassMapperImpl.java:73)
	at com.example.manageruniversity.mapper.RoomClassMapperImpl.timeListToTimeDTOList(RoomClassMapperImpl.java:85)
	at com.example.manageruniversity.mapper.RoomClassMapperImpl.roomClassToDTO(RoomClassMapperImpl.java:44)
	at com.example.manageruniversity.mapper.RoomClassMapperImpl.timeToDTO(RoomClassMapperImpl.java:73)
	at com.example.manageruniversity.mapper.RoomClassMapperImpl.timeListToTimeDTOList(RoomClassMapperImpl.java:85)
	at com.example.manageruniversity.mapper.RoomClassMapperImpl.roomClassToDTO(RoomClassMapperImpl.java:44)
	at com.example.manageruniversity.mapper.RoomClassMapperImpl.timeToDTO(RoomClassMapperImpl.java:73)
	at com.example.manageruniversity.mapper.RoomClassMapperImpl.timeListToTimeDTOList(RoomClassMapperImpl.java:85)
	at com.example.manageruniversity.mapper.RoomClassMapperImpl.roomClassToDTO(RoomClassMapperImpl.java:44)
	at com.example.manageruniversity.mapper.RoomClassMapperImpl.timeToDTO(RoomClassMapperImpl.java:73)
	at com.example.manageruniversity.mapper.RoomClassMapperImpl.timeListToTimeDTOList(RoomClassMapperImpl.java:85)
	at com.example.manageruniversity.mapper.RoomClassMapperImpl.roomClassToDTO(RoomClassMapperImpl.java:44)
	at com.example.manageruniversity.mapper.RoomClassMapperImpl.timeToDTO(RoomClassMapperImpl.java:73)
	at com.example.manageruniversity.mapper.RoomClassMapperImpl.timeListToTimeDTOList(RoomClassMapperImpl.java:85)
	at com.example.manageruniversity.mapper.RoomClassMapperImpl.roomClassToDTO(RoomClassMapperImpl.java:44)
	at com.example.manageruniversity.mapper.RoomClassMapperImpl.timeToDTO(RoomClassMapperImpl.java:73)
	at com.example.manageruniversity.mapper.RoomClassMapperImpl.timeListToTimeDTOList(RoomClassMapperImpl.java:85)
	at com.example.manageruniversity.mapper.RoomClassMapperImpl.roomClassToDTO(RoomClassMapperImpl.java:44)
	at com.example.manageruniversity.mapper.RoomClassMapperImpl.timeToDTO(RoomClassMapperImpl.java:73)
	at com.example.manageruniversity.mapper.RoomClassMapperImpl.timeListToTimeDTOList(RoomClassMapperImpl.java:85)
	at com.example.manageruniversity.mapper.RoomClassMapperImpl.roomClassToDTO(RoomClassMapperImpl.java:44)
	at com.example.manageruniversity.mapper.RoomClassMapperImpl.timeToDTO(RoomClassMapperImpl.java:73)
	at com.example.manageruniversity.mapper.RoomClassMapperImpl.timeListToTimeDTOList(RoomClassMapperImpl.java:85)
	at com.example.manageruniversity.mapper.RoomClassMapperImpl.roomClassToDTO(RoomClassMapperImpl.java:44)
	at com.example.manageruniversity.mapper.RoomClassMapperImpl.timeToDTO(RoomClassMapperImpl.java:73)
	at com.example.manageruniversity.mapper.RoomClassMapperImpl.timeListToTimeDTOList(RoomClassMapperImpl.java:85)
	at com.example.manageruniversity.mapper.RoomClassMapperImpl.roomClassToDTO(RoomClassMapperImpl.java:44)
	at com.example.manageruniversity.mapper.RoomClassMapperImpl.timeToDTO(RoomClassMapperImpl.java:73)
	at com.example.manageruniversity.mapper.RoomClassMapperImpl.timeListToTimeDTOList(RoomClassMapperImpl.java:85)
	at com.example.manageruniversity.mapper.RoomClassMapperImpl.roomClassToDTO(RoomClassMapperImpl.java:44)
	at com.example.manageruniversity.mapper.RoomClassMapperImpl.timeToDTO(RoomClassMapperImpl.java:73)
	at com.example.manageruniversity.mapper.RoomClassMapperImpl.timeListToTimeDTOList(RoomClassMapperImpl.java:85)
	at com.example.manageruniversity.mapper.RoomClassMapperImpl.roomClassToDTO(RoomClassMapperImpl.java:44)
	at com.example.manageruniversity.mapper.RoomClassMapperImpl.timeToDTO(RoomClassMapperImpl.java:73)
	at com.example.manageruniversity.mapper.RoomClassMapperImpl.timeListToTimeDTOList(RoomClassMapperImpl.java:85)
	at com.example.manageruniversity.mapper.RoomClassMapperImpl.roomClassToDTO(RoomClassMapperImpl.java:44)
	at com.example.manageruniversity.mapper.RoomClassMapperImpl.timeToDTO(RoomClassMapperImpl.java:73)
	at com.example.manageruniversity.mapper.RoomClassMapperImpl.timeListToTimeDTOList(RoomClassMapperImpl.java:85)
	at com.example.manageruniversity.mapper.RoomClassMapperImpl.roomClassToDTO(RoomClassMapperImpl.java:44)
	at com.example.manageruniversity.mapper.RoomClassMapperImpl.timeToDTO(RoomClassMapperImpl.java:73)
	at com.example.manageruniversity.mapper.RoomClassMapperImpl.timeListToTimeDTOList(RoomClassMapperImpl.java:85)
	at com.example.manageruniversity.mapper.RoomClassMapperImpl.roomClassToDTO(RoomClassMapperImpl.java:44)
	at com.example.manageruniversity.mapper.RoomClassMapperImpl.timeToDTO(RoomClassMapperImpl.java:73)
	at com.example.manageruniversity.mapper.RoomClassMapperImpl.timeListToTimeDTOList(RoomClassMapperImpl.java:85)
	at com.example.manageruniversity.mapper.RoomClassMapperImpl.roomClassToDTO(RoomClassMapperImpl.java:44)
	at com.example.manageruniversity.mapper.RoomClassMapperImpl.timeToDTO(RoomClassMapperImpl.java:73)
	at com.example.manageruniversity.mapper.RoomClassMapperImpl.timeListToTimeDTOList(RoomClassMapperImpl.java:85)
	at com.example.manageruniversity.mapper.RoomClassMapperImpl.roomClassToDTO(RoomClassMapperImpl.java:44)
	at com.example.manageruniversity.mapper.RoomClassMapperImpl.timeToDTO(RoomClassMapperImpl.java:73)
	at com.example.manageruniversity.mapper.RoomClassMapperImpl.timeListToTimeDTOList(RoomClassMapperImpl.java:85)
	at com.example.manageruniversity.mapper.RoomClassMapperImpl.roomClassToDTO(RoomClassMapperImpl.java:44)
	at com.example.manageruniversity.mapper.RoomClassMapperImpl.timeToDTO(RoomClassMapperImpl.java:73)
	at com.example.manageruniversity.mapper.RoomClassMapperImpl.timeListToTimeDTOList(RoomClassMapperImpl.java:85)
	at com.example.manageruniversity.mapper.RoomClassMapperImpl.roomClassToDTO(RoomClassMapperImpl.java:44)
	at com.example.manageruniversity.mapper.RoomClassMapperImpl.timeToDTO(RoomClassMapperImpl.java:73)
	at com.example.manageruniversity.mapper.RoomClassMapperImpl.timeListToTimeDTOList(RoomClassMapperImpl.java:85)
	at com.example.manageruniversity.mapper.RoomClassMapperImpl.roomClassToDTO(RoomClassMapperImpl.java:44)
	at com.example.manageruniversity.mapper.RoomClassMapperImpl.timeToDTO(RoomClassMapperImpl.java:73)
	at com.example.manageruniversity.mapper.RoomClassMapperImpl.timeListToTimeDTOList(RoomClassMapperImpl.java:85)
	at com.example.manageruniversity.mapper.RoomClassMapperImpl.roomClassToDTO(RoomClassMapperImpl.java:44)
	at com.example.manageruniversity.mapper.RoomClassMapperImpl.timeToDTO(RoomClassMapperImpl.java:73)
	at com.example.manageruniversity.mapper.RoomClassMapperImpl.timeListToTimeDTOList(RoomClassMapperImpl.java:85)
	at com.example.manageruniversity.mapper.RoomClassMapperImpl.roomClassToDTO(RoomClassMapperImpl.java:44)
	at com.example.manageruniversity.mapper.RoomClassMapperImpl.timeToDTO(RoomClassMapperImpl.java:73)
	at com.example.manageruniversity.mapper.RoomClassMapperImpl.timeListToTimeDTOList(RoomClassMapperImpl.java:85)
	at com.example.manageruniversity.mapper.RoomClassMapperImpl.roomClassToDTO(RoomClassMapperImpl.java:44)
	at com.example.manageruniversity.mapper.RoomClassMapperImpl.timeToDTO(RoomClassMapperImpl.java:73)
	at com.example.manageruniversity.mapper.RoomClassMapperImpl.timeListToTimeDTOList(RoomClassMapperImpl.java:85)
	at com.example.manageruniversity.mapper.RoomClassMapperImpl.roomClassToDTO(RoomClassMapperImpl.java:44)
	at com.example.manageruniversity.mapper.RoomClassMapperImpl.timeToDTO(RoomClassMapperImpl.java:73)
	at com.example.manageruniversity.mapper.RoomClassMapperImpl.timeListToTimeDTOList(RoomClassMapperImpl.java:85)
	at com.example.manageruniversity.mapper.RoomClassMapperImpl.roomClassToDTO(RoomClassMapperImpl.java:44)
	at com.example.manageruniversity.mapper.RoomClassMapperImpl.timeToDTO(RoomClassMapperImpl.java:73)
	at com.example.manageruniversity.mapper.RoomClassMapperImpl.timeListToTimeDTOList(RoomClassMapperImpl.java:85)
	at com.example.manageruniversity.mapper.RoomClassMapperImpl.roomClassToDTO(RoomClassMapperImpl.java:44)
	at com.example.manageruniversity.mapper.RoomClassMapperImpl.timeToDTO(RoomClassMapperImpl.java:73)
	at com.example.manageruniversity.mapper.RoomClassMapperImpl.timeListToTimeDTOList(RoomClassMapperImpl.java:85)
	at com.example.manageruniversity.mapper.RoomClassMapperImpl.roomClassToDTO(RoomClassMapperImpl.java:44)
	at com.example.manageruniversity.mapper.RoomClassMapperImpl.timeToDTO(RoomClassMapperImpl.java:73)
	at com.example.manageruniversity.mapper.RoomClassMapperImpl.timeListToTimeDTOList(RoomClassMapperImpl.java:85)
	at com.example.manageruniversity.mapper.RoomClassMapperImpl.roomClassToDTO(RoomClassMapperImpl.java:44)
	at com.example.manageruniversity.mapper.RoomClassMapperImpl.timeToDTO(RoomClassMapperImpl.java:73)
	at com.example.manageruniversity.mapper.RoomClassMapperImpl.timeListToTimeDTOList(RoomClassMapperImpl.java:85)
	at com.example.manageruniversity.mapper.RoomClassMapperImpl.roomClassToDTO(RoomClassMapperImpl.java:44)
	at com.example.manageruniversity.mapper.RoomClassMapperImpl.timeToDTO(RoomClassMapperImpl.java:73)
	at com.example.manageruniversity.mapper.RoomClassMapperImpl.timeListToTimeDTOList(RoomClassMapperImpl.java:85)
	at com.example.manageruniversity.mapper.RoomClassMapperImpl.roomClassToDTO(RoomClassMapperImpl.java:44)
	at com.example.manageruniversity.mapper.RoomClassMapperImpl.timeToDTO(RoomClassMapperImpl.java:73)
	at com.example.manageruniversity.mapper.RoomClassMapperImpl.timeListToTimeDTOList(RoomClassMapperImpl.java:85)
	at com.example.manageruniversity.mapper.RoomClassMapperImpl.roomClassToDTO(RoomClassMapperImpl.java:44)
	at com.example.manageruniversity.mapper.RoomClassMapperImpl.timeToDTO(RoomClassMapperImpl.java:73)
	at com.example.manageruniversity.mapper.RoomClassMapperImpl.timeListToTimeDTOList(RoomClassMapperImpl.java:85)
	at com.example.manageruniversity.mapper.RoomClassMapperImpl.roomClassToDTO(RoomClassMapperImpl.java:44)
	at com.example.manageruniversity.mapper.RoomClassMapperImpl.timeToDTO(RoomClassMapperImpl.java:73)
	at com.example.manageruniversity.mapper.RoomClassMapperImpl.timeListToTimeDTOList(RoomClassMapperImpl.java:85)
	at com.example.manageruniversity.mapper.RoomClassMapperImpl.roomClassToDTO(RoomClassMapperImpl.java:44)
	at com.example.manageruniversity.mapper.RoomClassMapperImpl.timeToDTO(RoomClassMapperImpl.java:73)
	at com.example.manageruniversity.mapper.RoomClassMapperImpl.timeListToTimeDTOList(RoomClassMapperImpl.java:85)
	at com.example.manageruniversity.mapper.RoomClassMapperImpl.roomClassToDTO(RoomClassMapperImpl.java:44)
	at com.example.manageruniversity.mapper.RoomClassMapperImpl.timeToDTO(RoomClassMapperImpl.java:73)
	at com.example.manageruniversity.mapper.RoomClassMapperImpl.timeListToTimeDTOList(RoomClassMapperImpl.java:85)
	at com.example.manageruniversity.mapper.RoomClassMapperImpl.roomClassToDTO(RoomClassMapperImpl.java:44)
	at com.example.manageruniversity.mapper.RoomClassMapperImpl.timeToDTO(RoomClassMapperImpl.java:73)
	at com.example.manageruniversity.mapper.RoomClassMapperImpl.timeListToTimeDTOList(RoomClassMapperImpl.java:85)
	at com.example.manageruniversity.mapper.RoomClassMapperImpl.roomClassToDTO(RoomClassMapperImpl.java:44)
	at com.example.manageruniversity.mapper.RoomClassMapperImpl.timeToDTO(RoomClassMapperImpl.java:73)
	at com.example.manageruniversity.mapper.RoomClassMapperImpl.timeListToTimeDTOList(RoomClassMapperImpl.java:85)
	at com.example.manageruniversity.mapper.RoomClassMapperImpl.roomClassToDTO(RoomClassMapperImpl.java:44)
	at com.example.manageruniversity.mapper.RoomClassMapperImpl.timeToDTO(RoomClassMapperImpl.java:73)
	at com.example.manageruniversity.mapper.RoomClassMapperImpl.timeListToTimeDTOList(RoomClassMapperImpl.java:85)
	at com.example.manageruniversity.mapper.RoomClassMapperImpl.roomClassToDTO(RoomClassMapperImpl.java:44)
	at com.example.manageruniversity.mapper.RoomClassMapperImpl.timeToDTO(RoomClassMapperImpl.java:73)
	at com.example.manageruniversity.mapper.RoomClassMapperImpl.timeListToTimeDTOList(RoomClassMapperImpl.java:85)
	at com.example.manageruniversity.mapper.RoomClassMapperImpl.roomClassToDTO(RoomClassMapperImpl.java:44)
	at com.example.manageruniversity.mapper.RoomClassMapperImpl.timeToDTO(RoomClassMapperImpl.java:73)
	at com.example.manageruniversity.mapper.RoomClassMapperImpl.timeListToTimeDTOList(RoomClassMapperImpl.java:85)
	at com.example.manageruniversity.mapper.RoomClassMapperImpl.roomClassToDTO(RoomClassMapperImpl.java:44)
	at com.example.manageruniversity.mapper.RoomClassMapperImpl.timeToDTO(RoomClassMapperImpl.java:73)
	at com.example.manageruniversity.mapper.RoomClassMapperImpl.timeListToTimeDTOList(RoomClassMapperImpl.java:85)
	at com.example.manageruniversity.mapper.RoomClassMapperImpl.roomClassToDTO(RoomClassMapperImpl.java:44)
	at com.example.manageruniversity.mapper.RoomClassMapperImpl.timeToDTO(RoomClassMapperImpl.java:73)
	at com.example.manageruniversity.mapper.RoomClassMapperImpl.timeListToTimeDTOList(RoomClassMapperImpl.java:85)
	at com.example.manageruniversity.mapper.RoomClassMapperImpl.roomClassToDTO(RoomClassMapperImpl.java:44)
	at com.example.manageruniversity.mapper.RoomClassMapperImpl.timeToDTO(RoomClassMapperImpl.java:73)
	at com.example.manageruniversity.mapper.RoomClassMapperImpl.timeListToTimeDTOList(RoomClassMapperImpl.java:85)
	at com.example.manageruniversity.mapper.RoomClassMapperImpl.roomClassToDTO(RoomClassMapperImpl.java:44)
	at com.example.manageruniversity.mapper.RoomClassMapperImpl.timeToDTO(RoomClassMapperImpl.java:73)
	at com.example.manageruniversity.mapper.RoomClassMapperImpl.timeListToTimeDTOList(RoomClassMapperImpl.java:85)
	at com.example.manageruniversity.mapper.RoomClassMapperImpl.roomClassToDTO(RoomClassMapperImpl.java:44)
	at com.example.manageruniversity.mapper.RoomClassMapperImpl.timeToDTO(RoomClassMapperImpl.java:73)
	at com.example.manageruniversity.mapper.RoomClassMapperImpl.timeListToTimeDTOList(RoomClassMapperImpl.java:85)
	at com.example.manageruniversity.mapper.RoomClassMapperImpl.roomClassToDTO(RoomClassMapperImpl.java:44)
	at com.example.manageruniversity.mapper.RoomClassMapperImpl.timeToDTO(RoomClassMapperImpl.java:73)
	at com.example.manageruniversity.mapper.RoomClassMapperImpl.timeListToTimeDTOList(RoomClassMapperImpl.java:85)
	at com.example.manageruniversity.mapper.RoomClassMapperImpl.roomClassToDTO(RoomClassMapperImpl.java:44)
	at com.example.manageruniversity.mapper.RoomClassMapperImpl.timeToDTO(RoomClassMapperImpl.java:73)
	at com.example.manageruniversity.mapper.RoomClassMapperImpl.timeListToTimeDTOList(RoomClassMapperImpl.java:85)
	at com.example.manageruniversity.mapper.RoomClassMapperImpl.roomClassToDTO(RoomClassMapperImpl.java:44)
	at com.example.manageruniversity.mapper.RoomClassMapperImpl.timeToDTO(RoomClassMapperImpl.java:73)
	at com.example.manageruniversity.mapper.RoomClassMapperImpl.timeListToTimeDTOList(RoomClassMapperImpl.java:85)
	at com.example.manageruniversity.mapper.RoomClassMapperImpl.roomClassToDTO(RoomClassMapperImpl.java:44)
	at com.example.manageruniversity.mapper.RoomClassMapperImpl.timeToDTO(RoomClassMapperImpl.java:73)
	at com.example.manageruniversity.mapper.RoomClassMapperImpl.timeListToTimeDTOList(RoomClassMapperImpl.java:85)
	at com.example.manageruniversity.mapper.RoomClassMapperImpl.roomClassToDTO(RoomClassMapperImpl.java:44)
	at com.example.manageruniversity.mapper.RoomClassMapperImpl.timeToDTO(RoomClassMapperImpl.java:73)
	at com.example.manageruniversity.mapper.RoomClassMapperImpl.timeListToTimeDTOList(RoomClassMapperImpl.java:85)
	at com.example.manageruniversity.mapper.RoomClassMapperImpl.roomClassToDTO(RoomClassMapperImpl.java:44)
	at com.example.manageruniversity.mapper.RoomClassMapperImpl.timeToDTO(RoomClassMapperImpl.java:73)
	at com.example.manageruniversity.mapper.RoomClassMapperImpl.timeListToTimeDTOList(RoomClassMapperImpl.java:85)
	at com.example.manageruniversity.mapper.RoomClassMapperImpl.roomClassToDTO(RoomClassMapperImpl.java:44)
	at com.example.manageruniversity.mapper.RoomClassMapperImpl.timeToDTO(RoomClassMapperImpl.java:73)
	at com.example.manageruniversity.mapper.RoomClassMapperImpl.timeListToTimeDTOList(RoomClassMapperImpl.java:85)
	at com.example.manageruniversity.mapper.RoomClassMapperImpl.roomClassToDTO(RoomClassMapperImpl.java:44)
	at com.example.manageruniversity.mapper.RoomClassMapperImpl.timeToDTO(RoomClassMapperImpl.java:73)
	at com.example.manageruniversity.mapper.RoomClassMapperImpl.timeListToTimeDTOList(RoomClassMapperImpl.java:85)
	at com.example.manageruniversity.mapper.RoomClassMapperImpl.roomClassToDTO(RoomClassMapperImpl.java:44)
	at com.example.manageruniversity.mapper.RoomClassMapperImpl.timeToDTO(RoomClassMapperImpl.java:73)
	at com.example.manageruniversity.mapper.RoomClassMapperImpl.timeListToTimeDTOList(RoomClassMapperImpl.java:85)
	at com.example.manageruniversity.mapper.RoomClassMapperImpl.roomClassToDTO(RoomClassMapperImpl.java:44)
	at com.example.manageruniversity.mapper.RoomClassMapperImpl.timeToDTO(RoomClassMapperImpl.java:73)
	at com.example.manageruniversity.mapper.RoomClassMapperImpl.timeListToTimeDTOList(RoomClassMapperImpl.java:85)
	at com.example.manageruniversity.mapper.RoomClassMapperImpl.roomClassToDTO(RoomClassMapperImpl.java:44)
	at com.example.manageruniversity.mapper.RoomClassMapperImpl.timeToDTO(RoomClassMapperImpl.java:73)
	at com.example.manageruniversity.mapper.RoomClassMapperImpl.timeListToTimeDTOList(RoomClassMapperImpl.java:85)
	at com.example.manageruniversity.mapper.RoomClassMapperImpl.roomClassToDTO(RoomClassMapperImpl.java:44)
	at com.example.manageruniversity.mapper.RoomClassMapperImpl.timeToDTO(RoomClassMapperImpl.java:73)
	at com.example.manageruniversity.mapper.RoomClassMapperImpl.timeListToTimeDTOList(RoomClassMapperImpl.java:85)
	at com.example.manageruniversity.mapper.RoomClassMapperImpl.roomClassToDTO(RoomClassMapperImpl.java:44)
	at com.example.manageruniversity.mapper.RoomClassMapperImpl.timeToDTO(RoomClassMapperImpl.java:73)
	at com.example.manageruniversity.mapper.RoomClassMapperImpl.timeListToTimeDTOList(RoomClassMapperImpl.java:85)
	at com.example.manageruniversity.mapper.RoomClassMapperImpl.roomClassToDTO(RoomClassMapperImpl.java:44)
	at com.example.manageruniversity.mapper.RoomClassMapperImpl.timeToDTO(RoomClassMapperImpl.java:73)
	at com.example.manageruniversity.mapper.RoomClassMapperImpl.timeListToTimeDTOList(RoomClassMapperImpl.java:85)
	at com.example.manageruniversity.mapper.RoomClassMapperImpl.roomClassToDTO(RoomClassMapperImpl.java:44)
	at com.example.manageruniversity.mapper.RoomClassMapperImpl.timeToDTO(RoomClassMapperImpl.java:73)
	at com.example.manageruniversity.mapper.RoomClassMapperImpl.timeListToTimeDTOList(RoomClassMapperImpl.java:85)
	at com.example.manageruniversity.mapper.RoomClassMapperImpl.roomClassToDTO(RoomClassMapperImpl.java:44)
	at com.example.manageruniversity.mapper.RoomClassMapperImpl.timeToDTO(RoomClassMapperImpl.java:73)
	at com.example.manageruniversity.mapper.RoomClassMapperImpl.timeListToTimeDTOList(RoomClassMapperImpl.java:85)
	at com.example.manageruniversity.mapper.RoomClassMapperImpl.roomClassToDTO(RoomClassMapperImpl.java:44)
	at com.example.manageruniversity.mapper.RoomClassMapperImpl.timeToDTO(RoomClassMapperImpl.java:73)
	at com.example.manageruniversity.mapper.RoomClassMapperImpl.timeListToTimeDTOList(RoomClassMapperImpl.java:85)
	at com.example.manageruniversity.mapper.RoomClassMapperImpl.roomClassToDTO(RoomClassMapperImpl.java:44)
	at com.example.manageruniversity.mapper.RoomClassMapperImpl.timeToDTO(RoomClassMapperImpl.java:73)
	at com.example.manageruniversity.mapper.RoomClassMapperImpl.timeListToTimeDTOList(RoomClassMapperImpl.java:85)
	at com.example.manageruniversity.mapper.RoomClassMapperImpl.roomClassToDTO(RoomClassMapperImpl.java:44)
	at com.example.manageruniversity.mapper.RoomClassMapperImpl.timeToDTO(RoomClassMapperImpl.java:73)
	at com.example.manageruniversity.mapper.RoomClassMapperImpl.timeListToTimeDTOList(RoomClassMapperImpl.java:85)
	at com.example.manageruniversity.mapper.RoomClassMapperImpl.roomClassToDTO(RoomClassMapperImpl.java:44)
	at com.example.manageruniversity.mapper.RoomClassMapperImpl.timeToDTO(RoomClassMapperImpl.java:73)
	at com.example.manageruniversity.mapper.RoomClassMapperImpl.timeListToTimeDTOList(RoomClassMapperImpl.java:85)
	at com.example.manageruniversity.mapper.RoomClassMapperImpl.roomClassToDTO(RoomClassMapperImpl.java:44)
	at com.example.manageruniversity.mapper.RoomClassMapperImpl.timeToDTO(RoomClassMapperImpl.java:73)
	at com.example.manageruniversity.mapper.RoomClassMapperImpl.timeListToTimeDTOList(RoomClassMapperImpl.java:85)
	at com.example.manageruniversity.mapper.RoomClassMapperImpl.roomClassToDTO(RoomClassMapperImpl.java:44)
	at com.example.manageruniversity.mapper.RoomClassMapperImpl.timeToDTO(RoomClassMapperImpl.java:73)
	at com.example.manageruniversity.mapper.RoomClassMapperImpl.timeListToTimeDTOList(RoomClassMapperImpl.java:85)
	at com.example.manageruniversity.mapper.RoomClassMapperImpl.roomClassToDTO(RoomClassMapperImpl.java:44)
	at com.example.manageruniversity.mapper.RoomClassMapperImpl.timeToDTO(RoomClassMapperImpl.java:73)
	at com.example.manageruniversity.mapper.RoomClassMapperImpl.timeListToTimeDTOList(RoomClassMapperImpl.java:85)
	at com.example.manageruniversity.mapper.RoomClassMapperImpl.roomClassToDTO(RoomClassMapperImpl.java:44)
	at com.example.manageruniversity.mapper.RoomClassMapperImpl.timeToDTO(RoomClassMapperImpl.java:73)
	at com.example.manageruniversity.mapper.RoomClassMapperImpl.timeListToTimeDTOList(RoomClassMapperImpl.java:85)
	at com.example.manageruniversity.mapper.RoomClassMapperImpl.roomClassToDTO(RoomClassMapperImpl.java:44)
	at com.example.manageruniversity.mapper.RoomClassMapperImpl.timeToDTO(RoomClassMapperImpl.java:73)
	at com.example.manageruniversity.mapper.RoomClassMapperImpl.timeListToTimeDTOList(RoomClassMapperImpl.java:85)
	at com.example.manageruniversity.mapper.RoomClassMapperImpl.roomClassToDTO(RoomClassMapperImpl.java:44)
	at com.example.manageruniversity.mapper.RoomClassMapperImpl.timeToDTO(RoomClassMapperImpl.java:73)
	at com.example.manageruniversity.mapper.RoomClassMapperImpl.timeListToTimeDTOList(RoomClassMapperImpl.java:85)
	at com.example.manageruniversity.mapper.RoomClassMapperImpl.roomClassToDTO(RoomClassMapperImpl.java:44)
	at com.example.manageruniversity.mapper.RoomClassMapperImpl.timeToDTO(RoomClassMapperImpl.java:73)
	at com.example.manageruniversity.mapper.RoomClassMapperImpl.timeListToTimeDTOList(RoomClassMapperImpl.java:85)
	at com.example.manageruniversity.mapper.RoomClassMapperImpl.roomClassToDTO(RoomClassMapperImpl.java:44)
	at com.example.manageruniversity.mapper.RoomClassMapperImpl.timeToDTO(RoomClassMapperImpl.java:73)
	at com.example.manageruniversity.mapper.RoomClassMapperImpl.timeListToTimeDTOList(RoomClassMapperImpl.java:85)
	at com.example.manageruniversity.mapper.RoomClassMapperImpl.roomClassToDTO(RoomClassMapperImpl.java:44)
	at com.example.manageruniversity.mapper.RoomClassMapperImpl.timeToDTO(RoomClassMapperImpl.java:73)
	at com.example.manageruniversity.mapper.RoomClassMapperImpl.timeListToTimeDTOList(RoomClassMapperImpl.java:85)
	at com.example.manageruniversity.mapper.RoomClassMapperImpl.roomClassToDTO(RoomClassMapperImpl.java:44)
	at com.example.manageruniversity.mapper.RoomClassMapperImpl.timeToDTO(RoomClassMapperImpl.java:73)
	at com.example.manageruniversity.mapper.RoomClassMapperImpl.timeListToTimeDTOList(RoomClassMapperImpl.java:85)
	at com.example.manageruniversity.mapper.RoomClassMapperImpl.roomClassToDTO(RoomClassMapperImpl.java:44)
	at com.example.manageruniversity.mapper.RoomClassMapperImpl.timeToDTO(RoomClassMapperImpl.java:73)
	at com.example.manageruniversity.mapper.RoomClassMapperImpl.timeListToTimeDTOList(RoomClassMapperImpl.java:85)
	at com.example.manageruniversity.mapper.RoomClassMapperImpl.roomClassToDTO(RoomClassMapperImpl.java:44)
	at com.example.manageruniversity.mapper.RoomClassMapperImpl.timeToDTO(RoomClassMapperImpl.java:73)
	at com.example.manageruniversity.mapper.RoomClassMapperImpl.timeListToTimeDTOList(RoomClassMapperImpl.java:85)
	at com.example.manageruniversity.mapper.RoomClassMapperImpl.roomClassToDTO(RoomClassMapperImpl.java:44)
	at com.example.manageruniversity.mapper.RoomClassMapperImpl.timeToDTO(RoomClassMapperImpl.java:73)
	at com.example.manageruniversity.mapper.RoomClassMapperImpl.timeListToTimeDTOList(RoomClassMapperImpl.java:85)
	at com.example.manageruniversity.mapper.RoomClassMapperImpl.roomClassToDTO(RoomClassMapperImpl.java:44)
	at com.example.manageruniversity.mapper.RoomClassMapperImpl.timeToDTO(RoomClassMapperImpl.java:73)
	at com.example.manageruniversity.mapper.RoomClassMapperImpl.timeListToTimeDTOList(RoomClassMapperImpl.java:85)
	at com.example.manageruniversity.mapper.RoomClassMapperImpl.roomClassToDTO(RoomClassMapperImpl.java:44)
	at com.example.manageruniversity.mapper.RoomClassMapperImpl.timeToDTO(RoomClassMapperImpl.java:73)
	at com.example.manageruniversity.mapper.RoomClassMapperImpl.timeListToTimeDTOList(RoomClassMapperImpl.java:85)
	at com.example.manageruniversity.mapper.RoomClassMapperImpl.roomClassToDTO(RoomClassMapperImpl.java:44)
	at com.example.manageruniversity.mapper.RoomClassMapperImpl.timeToDTO(RoomClassMapperImpl.java:73)
	at com.example.manageruniversity.mapper.RoomClassMapperImpl.timeListToTimeDTOList(RoomClassMapperImpl.java:85)
	at com.example.manageruniversity.mapper.RoomClassMapperImpl.roomClassToDTO(RoomClassMapperImpl.java:44)
	at com.example.manageruniversity.mapper.RoomClassMapperImpl.timeToDTO(RoomClassMapperImpl.java:73)
	at com.example.manageruniversity.mapper.RoomClassMapperImpl.timeListToTimeDTOList(RoomClassMapperImpl.java:85)
	at com.example.manageruniversity.mapper.RoomClassMapperImpl.roomClassToDTO(RoomClassMapperImpl.java:44)
	at com.example.manageruniversity.mapper.RoomClassMapperImpl.timeToDTO(RoomClassMapperImpl.java:73)
	at com.example.manageruniversity.mapper.RoomClassMapperImpl.timeListToTimeDTOList(RoomClassMapperImpl.java:85)
	at com.example.manageruniversity.mapper.RoomClassMapperImpl.roomClassToDTO(RoomClassMapperImpl.java:44)
	at com.example.manageruniversity.mapper.RoomClassMapperImpl.timeToDTO(RoomClassMapperImpl.java:73)
	at com.example.manageruniversity.mapper.RoomClassMapperImpl.timeListToTimeDTOList(RoomClassMapperImpl.java:85)
	at com.example.manageruniversity.mapper.RoomClassMapperImpl.roomClassToDTO(RoomClassMapperImpl.java:44)
	at com.example.manageruniversity.mapper.RoomClassMapperImpl.timeToDTO(RoomClassMapperImpl.java:73)
	at com.example.manageruniversity.mapper.RoomClassMapperImpl.timeListToTimeDTOList(RoomClassMapperImpl.java:85)
	at com.example.manageruniversity.mapper.RoomClassMapperImpl.roomClassToDTO(RoomClassMapperImpl.java:44)
	at com.example.manageruniversity.mapper.RoomClassMapperImpl.timeToDTO(RoomClassMapperImpl.java:73)
	at com.example.manageruniversity.mapper.RoomClassMapperImpl.timeListToTimeDTOList(RoomClassMapperImpl.java:85)
	at com.example.manageruniversity.mapper.RoomClassMapperImpl.roomClassToDTO(RoomClassMapperImpl.java:44)
	at com.example.manageruniversity.mapper.RoomClassMapperImpl.timeToDTO(RoomClassMapperImpl.java:73)
	at com.example.manageruniversity.mapper.RoomClassMapperImpl.timeListToTimeDTOList(RoomClassMapperImpl.java:85)
	at com.example.manageruniversity.mapper.RoomClassMapperImpl.roomClassToDTO(RoomClassMapperImpl.java:44)
	at com.example.manageruniversity.mapper.RoomClassMapperImpl.timeToDTO(RoomClassMapperImpl.java:73)
	at com.example.manageruniversity.mapper.RoomClassMapperImpl.timeListToTimeDTOList(RoomClassMapperImpl.java:85)
	at com.example.manageruniversity.mapper.RoomClassMapperImpl.roomClassToDTO(RoomClassMapperImpl.java:44)
	at com.example.manageruniversity.mapper.RoomClassMapperImpl.timeToDTO(RoomClassMapperImpl.java:73)
	at com.example.manageruniversity.mapper.RoomClassMapperImpl.timeListToTimeDTOList(RoomClassMapperImpl.java:85)
	at com.example.manageruniversity.mapper.RoomClassMapperImpl.roomClassToDTO(RoomClassMapperImpl.java:44)
	at com.example.manageruniversity.mapper.RoomClassMapperImpl.timeToDTO(RoomClassMapperImpl.java:73)
	at com.example.manageruniversity.mapper.RoomClassMapperImpl.timeListToTimeDTOList(RoomClassMapperImpl.java:85)
	at com.example.manageruniversity.mapper.RoomClassMapperImpl.roomClassToDTO(RoomClassMapperImpl.java:44)
	at com.example.manageruniversity.mapper.RoomClassMapperImpl.timeToDTO(RoomClassMapperImpl.java:73)
	at com.example.manageruniversity.mapper.RoomClassMapperImpl.timeListToTimeDTOList(RoomClassMapperImpl.java:85)
	at com.example.manageruniversity.mapper.RoomClassMapperImpl.roomClassToDTO(RoomClassMapperImpl.java:44)
	at com.example.manageruniversity.mapper.RoomClassMapperImpl.timeToDTO(RoomClassMapperImpl.java:73)
	at com.example.manageruniversity.mapper.RoomClassMapperImpl.timeListToTimeDTOList(RoomClassMapperImpl.java:85)
	at com.example.manageruniversity.mapper.RoomClassMapperImpl.roomClassToDTO(RoomClassMapperImpl.java:44)
	at com.example.manageruniversity.mapper.RoomClassMapperImpl.timeToDTO(RoomClassMapperImpl.java:73)
	at com.example.manageruniversity.mapper.RoomClassMapperImpl.timeListToTimeDTOList(RoomClassMapperImpl.java:85)
	at com.example.manageruniversity.mapper.RoomClassMapperImpl.roomClassToDTO(RoomClassMapperImpl.java:44)
	at com.example.manageruniversity.mapper.RoomClassMapperImpl.timeToDTO(RoomClassMapperImpl.java:73)
	at com.example.manageruniversity.mapper.RoomClassMapperImpl.timeListToTimeDTOList(RoomClassMapperImpl.java:85)
	at com.example.manageruniversity.mapper.RoomClassMapperImpl.roomClassToDTO(RoomClassMapperImpl.java:44)
	at com.example.manageruniversity.mapper.RoomClassMapperImpl.timeToDTO(RoomClassMapperImpl.java:73)
	at com.example.manageruniversity.mapper.RoomClassMapperImpl.timeListToTimeDTOList(RoomClassMapperImpl.java:85)
	at com.example.manageruniversity.mapper.RoomClassMapperImpl.roomClassToDTO(RoomClassMapperImpl.java:44)
	at com.example.manageruniversity.mapper.RoomClassMapperImpl.timeToDTO(RoomClassMapperImpl.java:73)
	at com.example.manageruniversity.mapper.RoomClassMapperImpl.timeListToTimeDTOList(RoomClassMapperImpl.java:85)
	at com.example.manageruniversity.mapper.RoomClassMapperImpl.roomClassToDTO(RoomClassMapperImpl.java:44)
	at com.example.manageruniversity.mapper.RoomClassMapperImpl.timeToDTO(RoomClassMapperImpl.java:73)
	at com.example.manageruniversity.mapper.RoomClassMapperImpl.timeListToTimeDTOList(RoomClassMapperImpl.java:85)
	at com.example.manageruniversity.mapper.RoomClassMapperImpl.roomClassToDTO(RoomClassMapperImpl.java:44)
	at com.example.manageruniversity.mapper.RoomClassMapperImpl.timeToDTO(RoomClassMapperImpl.java:73)
	at com.example.manageruniversity.mapper.RoomClassMapperImpl.timeListToTimeDTOList(RoomClassMapperImpl.java:85)
	at com.example.manageruniversity.mapper.RoomClassMapperImpl.roomClassToDTO(RoomClassMapperImpl.java:44)
	at com.example.manageruniversity.mapper.RoomClassMapperImpl.timeToDTO(RoomClassMapperImpl.java:73)
	at com.example.manageruniversity.mapper.RoomClassMapperImpl.timeListToTimeDTOList(RoomClassMapperImpl.java:85)
	at com.example.manageruniversity.mapper.RoomClassMapperImpl.roomClassToDTO(RoomClassMapperImpl.java:44)
	at com.example.manageruniversity.mapper.RoomClassMapperImpl.timeToDTO(RoomClassMapperImpl.java:73)
	at com.example.manageruniversity.mapper.RoomClassMapperImpl.timeListToTimeDTOList(RoomClassMapperImpl.java:85)
	at com.example.manageruniversity.mapper.RoomClassMapperImpl.roomClassToDTO(RoomClassMapperImpl.java:44)
	at com.example.manageruniversity.mapper.RoomClassMapperImpl.timeToDTO(RoomClassMapperImpl.java:73)
	at com.example.manageruniversity.mapper.RoomClassMapperImpl.timeListToTimeDTOList(RoomClassMapperImpl.java:85)
	at com.example.manageruniversity.mapper.RoomClassMapperImpl.roomClassToDTO(RoomClassMapperImpl.java:44)
	at com.example.manageruniversity.mapper.RoomClassMapperImpl.timeToDTO(RoomClassMapperImpl.java:73)
	at com.example.manageruniversity.mapper.RoomClassMapperImpl.timeListToTimeDTOList(RoomClassMapperImpl.java:85)
	at com.example.manageruniversity.mapper.RoomClassMapperImpl.roomClassToDTO(RoomClassMapperImpl.java:44)
	at com.example.manageruniversity.mapper.RoomClassMapperImpl.timeToDTO(RoomClassMapperImpl.java:73)
	at com.example.manageruniversity.mapper.RoomClassMapperImpl.timeListToTimeDTOList(RoomClassMapperImpl.java:85)
	at com.example.manageruniversity.mapper.RoomClassMapperImpl.roomClassToDTO(RoomClassMapperImpl.java:44)
	at com.example.manageruniversity.mapper.RoomClassMapperImpl.timeToDTO(RoomClassMapperImpl.java:73)
	at com.example.manageruniversity.mapper.RoomClassMapperImpl.timeListToTimeDTOList(RoomClassMapperImpl.java:85)
	at com.example.manageruniversity.mapper.RoomClassMapperImpl.roomClassToDTO(RoomClassMapperImpl.java:44)
	at com.example.manageruniversity.mapper.RoomClassMapperImpl.timeToDTO(RoomClassMapperImpl.java:73)
	at com.example.manageruniversity.mapper.RoomClassMapperImpl.timeListToTimeDTOList(RoomClassMapperImpl.java:85)
	at com.example.manageruniversity.mapper.RoomClassMapperImpl.roomClassToDTO(RoomClassMapperImpl.java:44)
	at com.example.manageruniversity.mapper.RoomClassMapperImpl.timeToDTO(RoomClassMapperImpl.java:73)
	at com.example.manageruniversity.mapper.RoomClassMapperImpl.timeListToTimeDTOList(RoomClassMapperImpl.java:85)
	at com.example.manageruniversity.mapper.RoomClassMapperImpl.roomClassToDTO(RoomClassMapperImpl.java:44)
	at com.example.manageruniversity.mapper.RoomClassMapperImpl.timeToDTO(RoomClassMapperImpl.java:73)
	at com.example.manageruniversity.mapper.RoomClassMapperImpl.timeListToTimeDTOList(RoomClassMapperImpl.java:85)
	at com.example.manageruniversity.mapper.RoomClassMapperImpl.roomClassToDTO(RoomClassMapperImpl.java:44)
	at com.example.manageruniversity.mapper.RoomClassMapperImpl.timeToDTO(RoomClassMapperImpl.java:73)
	at com.example.manageruniversity.mapper.RoomClassMapperImpl.timeListToTimeDTOList(RoomClassMapperImpl.java:85)
	at com.example.manageruniversity.mapper.RoomClassMapperImpl.roomClassToDTO(RoomClassMapperImpl.java:44)
	at com.example.manageruniversity.mapper.RoomClassMapperImpl.timeToDTO(RoomClassMapperImpl.java:73)
	at com.example.manageruniversity.mapper.RoomClassMapperImpl.timeListToTimeDTOList(RoomClassMapperImpl.java:85)
	at com.example.manageruniversity.mapper.RoomClassMapperImpl.roomClassToDTO(RoomClassMapperImpl.java:44)
	at com.example.manageruniversity.mapper.RoomClassMapperImpl.timeToDTO(RoomClassMapperImpl.java:73)
	at com.example.manageruniversity.mapper.RoomClassMapperImpl.timeListToTimeDTOList(RoomClassMapperImpl.java:85)
	at com.example.manageruniversity.mapper.RoomClassMapperImpl.roomClassToDTO(RoomClassMapperImpl.java:44)
	at com.example.manageruniversity.mapper.RoomClassMapperImpl.timeToDTO(RoomClassMapperImpl.java:73)
	at com.example.manageruniversity.mapper.RoomClassMapperImpl.timeListToTimeDTOList(RoomClassMapperImpl.java:85)
	at com.example.manageruniversity.mapper.RoomClassMapperImpl.roomClassToDTO(RoomClassMapperImpl.java:44)
	at com.example.manageruniversity.mapper.RoomClassMapperImpl.timeToDTO(RoomClassMapperImpl.java:73)
	at com.example.manageruniversity.mapper.RoomClassMapperImpl.timeListToTimeDTOList(RoomClassMapperImpl.java:85)
	at com.example.manageruniversity.mapper.RoomClassMapperImpl.roomClassToDTO(RoomClassMapperImpl.java:44)
	at com.example.manageruniversity.mapper.RoomClassMapperImpl.timeToDTO(RoomClassMapperImpl.java:73)
	at com.example.manageruniversity.mapper.RoomClassMapperImpl.timeListToTimeDTOList(RoomClassMapperImpl.java:85)
	at com.example.manageruniversity.mapper.RoomClassMapperImpl.roomClassToDTO(RoomClassMapperImpl.java:44)
	at com.example.manageruniversity.mapper.RoomClassMapperImpl.timeToDTO(RoomClassMapperImpl.java:73)
	at com.example.manageruniversity.mapper.RoomClassMapperImpl.timeListToTimeDTOList(RoomClassMapperImpl.java:85)
	at com.example.manageruniversity.mapper.RoomClassMapperImpl.roomClassToDTO(RoomClassMapperImpl.java:44)
	at com.example.manageruniversity.mapper.RoomClassMapperImpl.timeToDTO(RoomClassMapperImpl.java:73)
	at com.example.manageruniversity.mapper.RoomClassMapperImpl.timeListToTimeDTOList(RoomClassMapperImpl.java:85)
	at com.example.manageruniversity.mapper.RoomClassMapperImpl.roomClassToDTO(RoomClassMapperImpl.java:44)
	at com.example.manageruniversity.mapper.RoomClassMapperImpl.timeToDTO(RoomClassMapperImpl.java:73)
	at com.example.manageruniversity.mapper.RoomClassMapperImpl.timeListToTimeDTOList(RoomClassMapperImpl.java:85)
	at com.example.manageruniversity.mapper.RoomClassMapperImpl.roomClassToDTO(RoomClassMapperImpl.java:44)
	at com.example.manageruniversity.mapper.RoomClassMapperImpl.timeToDTO(RoomClassMapperImpl.java:73)
	at com.example.manageruniversity.mapper.RoomClassMapperImpl.timeListToTimeDTOList(RoomClassMapperImpl.java:85)
	at com.example.manageruniversity.mapper.RoomClassMapperImpl.roomClassToDTO(RoomClassMapperImpl.java:44)
	at com.example.manageruniversity.mapper.RoomClassMapperImpl.timeToDTO(RoomClassMapperImpl.java:73)
	at com.example.manageruniversity.mapper.RoomClassMapperImpl.timeListToTimeDTOList(RoomClassMapperImpl.java:85)
	at com.example.manageruniversity.mapper.RoomClassMapperImpl.roomClassToDTO(RoomClassMapperImpl.java:44)
	at com.example.manageruniversity.mapper.RoomClassMapperImpl.timeToDTO(RoomClassMapperImpl.java:73)
	at com.example.manageruniversity.mapper.RoomClassMapperImpl.timeListToTimeDTOList(RoomClassMapperImpl.java:85)
	at com.example.manageruniversity.mapper.RoomClassMapperImpl.roomClassToDTO(RoomClassMapperImpl.java:44)
	at com.example.manageruniversity.mapper.RoomClassMapperImpl.timeToDTO(RoomClassMapperImpl.java:73)
	at com.example.manageruniversity.mapper.RoomClassMapperImpl.timeListToTimeDTOList(RoomClassMapperImpl.java:85)
	at com.example.manageruniversity.mapper.RoomClassMapperImpl.roomClassToDTO(RoomClassMapperImpl.java:44)
	at com.example.manageruniversity.mapper.RoomClassMapperImpl.timeToDTO(RoomClassMapperImpl.java:73)
	at com.example.manageruniversity.mapper.RoomClassMapperImpl.timeListToTimeDTOList(RoomClassMapperImpl.java:85)
	at com.example.manageruniversity.mapper.RoomClassMapperImpl.roomClassToDTO(RoomClassMapperImpl.java:44)
	at com.example.manageruniversity.mapper.RoomClassMapperImpl.timeToDTO(RoomClassMapperImpl.java:73)
	at com.example.manageruniversity.mapper.RoomClassMapperImpl.timeListToTimeDTOList(RoomClassMapperImpl.java:85)
	at com.example.manageruniversity.mapper.RoomClassMapperImpl.roomClassToDTO(RoomClassMapperImpl.java:44)
	at com.example.manageruniversity.mapper.RoomClassMapperImpl.timeToDTO(RoomClassMapperImpl.java:73)
	at com.example.manageruniversity.mapper.RoomClassMapperImpl.timeListToTimeDTOList(RoomClassMapperImpl.java:85)
	at com.example.manageruniversity.mapper.RoomClassMapperImpl.roomClassToDTO(RoomClassMapperImpl.java:44)
	at com.example.manageruniversity.mapper.RoomClassMapperImpl.timeToDTO(RoomClassMapperImpl.java:73)
	at com.example.manageruniversity.mapper.RoomClassMapperImpl.timeListToTimeDTOList(RoomClassMapperImpl.java:85)
	at com.example.manageruniversity.mapper.RoomClassMapperImpl.roomClassToDTO(RoomClassMapperImpl.java:44)
	at com.example.manageruniversity.mapper.RoomClassMapperImpl.timeToDTO(RoomClassMapperImpl.java:73)
	at com.example.manageruniversity.mapper.RoomClassMapperImpl.timeListToTimeDTOList(RoomClassMapperImpl.java:85)
	at com.example.manageruniversity.mapper.RoomClassMapperImpl.roomClassToDTO(RoomClassMapperImpl.java:44)
	at com.example.manageruniversity.mapper.RoomClassMapperImpl.timeToDTO(RoomClassMapperImpl.java:73)
	at com.example.manageruniversity.mapper.RoomClassMapperImpl.timeListToTimeDTOList(RoomClassMapperImpl.java:85)
	at com.example.manageruniversity.mapper.RoomClassMapperImpl.roomClassToDTO(RoomClassMapperImpl.java:44)
	at com.example.manageruniversity.mapper.RoomClassMapperImpl.timeToDTO(RoomClassMapperImpl.java:73)
	at com.example.manageruniversity.mapper.RoomClassMapperImpl.timeListToTimeDTOList(RoomClassMapperImpl.java:85)
	at com.example.manageruniversity.mapper.RoomClassMapperImpl.roomClassToDTO(RoomClassMapperImpl.java:44)
	at com.example.manageruniversity.mapper.RoomClassMapperImpl.timeToDTO(RoomClassMapperImpl.java:73)
	at com.example.manageruniversity.mapper.RoomClassMapperImpl.timeListToTimeDTOList(RoomClassMapperImpl.java:85)
	at com.example.manageruniversity.mapper.RoomClassMapperImpl.roomClassToDTO(RoomClassMapperImpl.java:44)
	at com.example.manageruniversity.mapper.RoomClassMapperImpl.timeToDTO(RoomClassMapperImpl.java:73)
	at com.example.manageruniversity.mapper.RoomClassMapperImpl.timeListToTimeDTOList(RoomClassMapperImpl.java:85)
	at com.example.manageruniversity.mapper.RoomClassMapperImpl.roomClassToDTO(RoomClassMapperImpl.java:44)
	at com.example.manageruniversity.mapper.RoomClassMapperImpl.timeToDTO(RoomClassMapperImpl.java:73)
	at com.example.manageruniversity.mapper.RoomClassMapperImpl.timeListToTimeDTOList(RoomClassMapperImpl.java:85)
	at com.example.manageruniversity.mapper.RoomClassMapperImpl.roomClassToDTO(RoomClassMapperImpl.java:44)
	at com.example.manageruniversity.mapper.RoomClassMapperImpl.timeToDTO(RoomClassMapperImpl.java:73)
	at com.example.manageruniversity.mapper.RoomClassMapperImpl.timeListToTimeDTOList(RoomClassMapperImpl.java:85)
	at com.example.manageruniversity.mapper.RoomClassMapperImpl.roomClassToDTO(RoomClassMapperImpl.java:44)
	at com.example.manageruniversity.mapper.RoomClassMapperImpl.timeToDTO(RoomClassMapperImpl.java:73)
	at com.example.manageruniversity.mapper.RoomClassMapperImpl.timeListToTimeDTOList(RoomClassMapperImpl.java:85)
	at com.example.manageruniversity.mapper.RoomClassMapperImpl.roomClassToDTO(RoomClassMapperImpl.java:44)
	at com.example.manageruniversity.mapper.RoomClassMapperImpl.timeToDTO(RoomClassMapperImpl.java:73)
	at com.example.manageruniversity.mapper.RoomClassMapperImpl.timeListToTimeDTOList(RoomClassMapperImpl.java:85)
	at com.example.manageruniversity.mapper.RoomClassMapperImpl.roomClassToDTO(RoomClassMapperImpl.java:44)
	at com.example.manageruniversity.mapper.RoomClassMapperImpl.timeToDTO(RoomClassMapperImpl.java:73)
	at com.example.manageruniversity.mapper.RoomClassMapperImpl.timeListToTimeDTOList(RoomClassMapperImpl.java:85)
	at com.example.manageruniversity.mapper.RoomClassMapperImpl.roomClassToDTO(RoomClassMapperImpl.java:44)
	at com.example.manageruniversity.mapper.RoomClassMapperImpl.timeToDTO(RoomClassMapperImpl.java:73)
	at com.example.manageruniversity.mapper.RoomClassMapperImpl.timeListToTimeDTOList(RoomClassMapperImpl.java:85)
	at com.example.manageruniversity.mapper.RoomClassMapperImpl.roomClassToDTO(RoomClassMapperImpl.java:44)
	at com.example.manageruniversity.mapper.RoomClassMapperImpl.timeToDTO(RoomClassMapperImpl.java:73)
	at com.example.manageruniversity.mapper.RoomClassMapperImpl.timeListToTimeDTOList(RoomClassMapperImpl.java:85)
	at com.example.manageruniversity.mapper.RoomClassMapperImpl.roomClassToDTO(RoomClassMapperImpl.java:44)
	at com.example.manageruniversity.mapper.RoomClassMapperImpl.timeToDTO(RoomClassMapperImpl.java:73)
	at com.example.manageruniversity.mapper.RoomClassMapperImpl.timeListToTimeDTOList(RoomClassMapperImpl.java:85)
	at com.example.manageruniversity.mapper.RoomClassMapperImpl.roomClassToDTO(RoomClassMapperImpl.java:44)
	at com.example.manageruniversity.mapper.RoomClassMapperImpl.timeToDTO(RoomClassMapperImpl.java:73)
	at com.example.manageruniversity.mapper.RoomClassMapperImpl.timeListToTimeDTOList(RoomClassMapperImpl.java:85)
	at com.example.manageruniversity.mapper.RoomClassMapperImpl.roomClassToDTO(RoomClassMapperImpl.java:44)
	at com.example.manageruniversity.mapper.RoomClassMapperImpl.timeToDTO(RoomClassMapperImpl.java:73)
	at com.example.manageruniversity.mapper.RoomClassMapperImpl.timeListToTimeDTOList(RoomClassMapperImpl.java:85)
	at com.example.manageruniversity.mapper.RoomClassMapperImpl.roomClassToDTO(RoomClassMapperImpl.java:44)
	at com.example.manageruniversity.mapper.RoomClassMapperImpl.timeToDTO(RoomClassMapperImpl.java:73)
	at com.example.manageruniversity.mapper.RoomClassMapperImpl.timeListToTimeDTOList(RoomClassMapperImpl.java:85)
	at com.example.manageruniversity.mapper.RoomClassMapperImpl.roomClassToDTO(RoomClassMapperImpl.java:44)
	at com.example.manageruniversity.mapper.RoomClassMapperImpl.timeToDTO(RoomClassMapperImpl.java:73)
	at com.example.manageruniversity.mapper.RoomClassMapperImpl.timeListToTimeDTOList(RoomClassMapperImpl.java:85)
	at com.example.manageruniversity.mapper.RoomClassMapperImpl.roomClassToDTO(RoomClassMapperImpl.java:44)
	at com.example.manageruniversity.mapper.RoomClassMapperImpl.timeToDTO(RoomClassMapperImpl.java:73)
	at com.example.manageruniversity.mapper.RoomClassMapperImpl.timeListToTimeDTOList(RoomClassMapperImpl.java:85)
	at com.example.manageruniversity.mapper.RoomClassMapperImpl.roomClassToDTO(RoomClassMapperImpl.java:44)
	at com.example.manageruniversity.mapper.RoomClassMapperImpl.timeToDTO(RoomClassMapperImpl.java:73)
	at com.example.manageruniversity.mapper.RoomClassMapperImpl.timeListToTimeDTOList(RoomClassMapperImpl.java:85)
	at com.example.manageruniversity.mapper.RoomClassMapperImpl.roomClassToDTO(RoomClassMapperImpl.java:44)
	at com.example.manageruniversity.mapper.RoomClassMapperImpl.timeToDTO(RoomClassMapperImpl.java:73)
	at com.example.manageruniversity.mapper.RoomClassMapperImpl.timeListToTimeDTOList(RoomClassMapperImpl.java:85)
	at com.example.manageruniversity.mapper.RoomClassMapperImpl.roomClassToDTO(RoomClassMapperImpl.java:44)
	at com.example.manageruniversity.mapper.RoomClassMapperImpl.timeToDTO(RoomClassMapperImpl.java:73)
	at com.example.manageruniversity.mapper.RoomClassMapperImpl.timeListToTimeDTOList(RoomClassMapperImpl.java:85)
	at com.example.manageruniversity.mapper.RoomClassMapperImpl.roomClassToDTO(RoomClassMapperImpl.java:44)
	at com.example.manageruniversity.mapper.RoomClassMapperImpl.timeToDTO(RoomClassMapperImpl.java:73)
	at com.example.manageruniversity.mapper.RoomClassMapperImpl.timeListToTimeDTOList(RoomClassMapperImpl.java:85)
	at com.example.manageruniversity.mapper.RoomClassMapperImpl.roomClassToDTO(RoomClassMapperImpl.java:44)
	at com.example.manageruniversity.mapper.RoomClassMapperImpl.timeToDTO(RoomClassMapperImpl.java:73)
	at com.example.manageruniversity.mapper.RoomClassMapperImpl.timeListToTimeDTOList(RoomClassMapperImpl.java:85)
	at com.example.manageruniversity.mapper.RoomClassMapperImpl.roomClassToDTO(RoomClassMapperImpl.java:44)
	at com.example.manageruniversity.mapper.RoomClassMapperImpl.timeToDTO(RoomClassMapperImpl.java:73)
	at com.example.manageruniversity.mapper.RoomClassMapperImpl.timeListToTimeDTOList(RoomClassMapperImpl.java:85)
	at com.example.manageruniversity.mapper.RoomClassMapperImpl.roomClassToDTO(RoomClassMapperImpl.java:44)
	at com.example.manageruniversity.mapper.RoomClassMapperImpl.timeToDTO(RoomClassMapperImpl.java:73)
	at com.example.manageruniversity.mapper.RoomClassMapperImpl.timeListToTimeDTOList(RoomClassMapperImpl.java:85)
	at com.example.manageruniversity.mapper.RoomClassMapperImpl.roomClassToDTO(RoomClassMapperImpl.java:44)
	at com.example.manageruniversity.mapper.RoomClassMapperImpl.timeToDTO(RoomClassMapperImpl.java:73)
	at com.example.manageruniversity.mapper.RoomClassMapperImpl.timeListToTimeDTOList(RoomClassMapperImpl.java:85)
	at com.example.manageruniversity.mapper.RoomClassMapperImpl.roomClassToDTO(RoomClassMapperImpl.java:44)
	at com.example.manageruniversity.mapper.RoomClassMapperImpl.timeToDTO(RoomClassMapperImpl.java:73)
	at com.example.manageruniversity.mapper.RoomClassMapperImpl.timeListToTimeDTOList(RoomClassMapperImpl.java:85)
	at com.example.manageruniversity.mapper.RoomClassMapperImpl.roomClassToDTO(RoomClassMapperImpl.java:44)
	at com.example.manageruniversity.mapper.RoomClassMapperImpl.timeToDTO(RoomClassMapperImpl.java:73)
	at com.example.manageruniversity.mapper.RoomClassMapperImpl.timeListToTimeDTOList(RoomClassMapperImpl.java:85)
	at com.example.manageruniversity.mapper.RoomClassMapperImpl.roomClassToDTO(RoomClassMapperImpl.java:44)
	at com.example.manageruniversity.mapper.RoomClassMapperImpl.timeToDTO(RoomClassMapperImpl.java:73)
	at com.example.manageruniversity.mapper.RoomClassMapperImpl.timeListToTimeDTOList(RoomClassMapperImpl.java:85)
	at com.example.manageruniversity.mapper.RoomClassMapperImpl.roomClassToDTO(RoomClassMapperImpl.java:44)
	at com.example.manageruniversity.mapper.RoomClassMapperImpl.timeToDTO(RoomClassMapperImpl.java:73)
	at com.example.manageruniversity.mapper.RoomClassMapperImpl.timeListToTimeDTOList(RoomClassMapperImpl.java:85)
	at com.example.manageruniversity.mapper.RoomClassMapperImpl.roomClassToDTO(RoomClassMapperImpl.java:44)
	at com.example.manageruniversity.mapper.RoomClassMapperImpl.timeToDTO(RoomClassMapperImpl.java:73)
	at com.example.manageruniversity.mapper.RoomClassMapperImpl.timeListToTimeDTOList(RoomClassMapperImpl.java:85)
	at com.example.manageruniversity.mapper.RoomClassMapperImpl.roomClassToDTO(RoomClassMapperImpl.java:44)
	at com.example.manageruniversity.mapper.RoomClassMapperImpl.timeToDTO(RoomClassMapperImpl.java:73)
	at com.example.manageruniversity.mapper.RoomClassMapperImpl.timeListToTimeDTOList(RoomClassMapperImpl.java:85)
	at com.example.manageruniversity.mapper.RoomClassMapperImpl.roomClassToDTO(RoomClassMapperImpl.java:44)
	at com.example.manageruniversity.mapper.RoomClassMapperImpl.timeToDTO(RoomClassMapperImpl.java:73)
	at com.example.manageruniversity.mapper.RoomClassMapperImpl.timeListToTimeDTOList(RoomClassMapperImpl.java:85)
	at com.example.manageruniversity.mapper.RoomClassMapperImpl.roomClassToDTO(RoomClassMapperImpl.java:44)
	at com.example.manageruniversity.mapper.RoomClassMapperImpl.timeToDTO(RoomClassMapperImpl.java:73)
	at com.example.manageruniversity.mapper.RoomClassMapperImpl.timeListToTimeDTOList(RoomClassMapperImpl.java:85)
	at com.example.manageruniversity.mapper.RoomClassMapperImpl.roomClassToDTO(RoomClassMapperImpl.java:44)
	at com.example.manageruniversity.mapper.RoomClassMapperImpl.timeToDTO(RoomClassMapperImpl.java:73)
	at com.example.manageruniversity.mapper.RoomClassMapperImpl.timeListToTimeDTOList(RoomClassMapperImpl.java:85)
	at com.example.manageruniversity.mapper.RoomClassMapperImpl.roomClassToDTO(RoomClassMapperImpl.java:44)
	at com.example.manageruniversity.mapper.RoomClassMapperImpl.timeToDTO(RoomClassMapperImpl.java:73)
	at com.example.manageruniversity.mapper.RoomClassMapperImpl.timeListToTimeDTOList(RoomClassMapperImpl.java:85)
	at com.example.manageruniversity.mapper.RoomClassMapperImpl.roomClassToDTO(RoomClassMapperImpl.java:44)
	at com.example.manageruniversity.mapper.RoomClassMapperImpl.timeToDTO(RoomClassMapperImpl.java:73)
	at com.example.manageruniversity.mapper.RoomClassMapperImpl.timeListToTimeDTOList(RoomClassMapperImpl.java:85)
	at com.example.manageruniversity.mapper.RoomClassMapperImpl.roomClassToDTO(RoomClassMapperImpl.java:44)
	at com.example.manageruniversity.mapper.RoomClassMapperImpl.timeToDTO(RoomClassMapperImpl.java:73)
	at com.example.manageruniversity.mapper.RoomClassMapperImpl.timeListToTimeDTOList(RoomClassMapperImpl.java:85)
	at com.example.manageruniversity.mapper.RoomClassMapperImpl.roomClassToDTO(RoomClassMapperImpl.java:44)
	at com.example.manageruniversity.mapper.RoomClassMapperImpl.timeToDTO(RoomClassMapperImpl.java:73)
	at com.example.manageruniversity.mapper.RoomClassMapperImpl.timeListToTimeDTOList(RoomClassMapperImpl.java:85)
	at com.example.manageruniversity.mapper.RoomClassMapperImpl.roomClassToDTO(RoomClassMapperImpl.java:44)
	at com.example.manageruniversity.mapper.RoomClassMapperImpl.timeToDTO(RoomClassMapperImpl.java:73)
	at com.example.manageruniversity.mapper.RoomClassMapperImpl.timeListToTimeDTOList(RoomClassMapperImpl.java:85)
	at com.example.manageruniversity.mapper.RoomClassMapperImpl.roomClassToDTO(RoomClassMapperImpl.java:44)
	at com.example.manageruniversity.mapper.RoomClassMapperImpl.timeToDTO(RoomClassMapperImpl.java:73)
	at com.example.manageruniversity.mapper.RoomClassMapperImpl.timeListToTimeDTOList(RoomClassMapperImpl.java:85)
	at com.example.manageruniversity.mapper.RoomClassMapperImpl.roomClassToDTO(RoomClassMapperImpl.java:44)
	at com.example.manageruniversity.mapper.RoomClassMapperImpl.timeToDTO(RoomClassMapperImpl.java:73)
	at com.example.manageruniversity.mapper.RoomClassMapperImpl.timeListToTimeDTOList(RoomClassMapperImpl.java:85)
	at com.example.manageruniversity.mapper.RoomClassMapperImpl.roomClassToDTO(RoomClassMapperImpl.java:44)
	at com.example.manageruniversity.mapper.RoomClassMapperImpl.timeToDTO(RoomClassMapperImpl.java:73)
	at com.example.manageruniversity.mapper.RoomClassMapperImpl.timeListToTimeDTOList(RoomClassMapperImpl.java:85)
	at com.example.manageruniversity.mapper.RoomClassMapperImpl.roomClassToDTO(RoomClassMapperImpl.java:44)
	at com.example.manageruniversity.mapper.RoomClassMapperImpl.timeToDTO(RoomClassMapperImpl.java:73)
	at com.example.manageruniversity.mapper.RoomClassMapperImpl.timeListToTimeDTOList(RoomClassMapperImpl.java:85)
	at com.example.manageruniversity.mapper.RoomClassMapperImpl.roomClassToDTO(RoomClassMapperImpl.java:44)
	at com.example.manageruniversity.mapper.RoomClassMapperImpl.timeToDTO(RoomClassMapperImpl.java:73)
	at com.example.manageruniversity.mapper.RoomClassMapperImpl.timeListToTimeDTOList(RoomClassMapperImpl.java:85)
	at com.example.manageruniversity.mapper.RoomClassMapperImpl.roomClassToDTO(RoomClassMapperImpl.java:44)
	at com.example.manageruniversity.mapper.RoomClassMapperImpl.timeToDTO(RoomClassMapperImpl.java:73)
	at com.example.manageruniversity.mapper.RoomClassMapperImpl.timeListToTimeDTOList(RoomClassMapperImpl.java:85)
	at com.example.manageruniversity.mapper.RoomClassMapperImpl.roomClassToDTO(RoomClassMapperImpl.java:44)
	at com.example.manageruniversity.mapper.RoomClassMapperImpl.timeToDTO(RoomClassMapperImpl.java:73)
	at com.example.manageruniversity.mapper.RoomClassMapperImpl.timeListToTimeDTOList(RoomClassMapperImpl.java:85)
	at com.example.manageruniversity.mapper.RoomClassMapperImpl.roomClassToDTO(RoomClassMapperImpl.java:44)
	at com.example.manageruniversity.mapper.RoomClassMapperImpl.timeToDTO(RoomClassMapperImpl.java:73)
	at com.example.manageruniversity.mapper.RoomClassMapperImpl.timeListToTimeDTOList(RoomClassMapperImpl.java:85)
	at com.example.manageruniversity.mapper.RoomClassMapperImpl.roomClassToDTO(RoomClassMapperImpl.java:44)
	at com.example.manageruniversity.mapper.RoomClassMapperImpl.timeToDTO(RoomClassMapperImpl.java:73)
	at com.example.manageruniversity.mapper.RoomClassMapperImpl.timeListToTimeDTOList(RoomClassMapperImpl.java:85)
	at com.example.manageruniversity.mapper.RoomClassMapperImpl.roomClassToDTO(RoomClassMapperImpl.java:44)
	at com.example.manageruniversity.mapper.RoomClassMapperImpl.timeToDTO(RoomClassMapperImpl.java:73)
	at com.example.manageruniversity.mapper.RoomClassMapperImpl.timeListToTimeDTOList(RoomClassMapperImpl.java:85)
	at com.example.manageruniversity.mapper.RoomClassMapperImpl.roomClassToDTO(RoomClassMapperImpl.java:44)
	at com.example.manageruniversity.mapper.RoomClassMapperImpl.timeToDTO(RoomClassMapperImpl.java:73)
	at com.example.manageruniversity.mapper.RoomClassMapperImpl.timeListToTimeDTOList(RoomClassMapperImpl.java:85)
	at com.example.manageruniversity.mapper.RoomClassMapperImpl.roomClassToDTO(RoomClassMapperImpl.java:44)
	at com.example.manageruniversity.mapper.RoomClassMapperImpl.timeToDTO(RoomClassMapperImpl.java:73)
	at com.example.manageruniversity.mapper.RoomClassMapperImpl.timeListToTimeDTOList(RoomClassMapperImpl.java:85)
	at com.example.manageruniversity.mapper.RoomClassMapperImpl.roomClassToDTO(RoomClassMapperImpl.java:44)
	at com.example.manageruniversity.mapper.RoomClassMapperImpl.timeToDTO(RoomClassMapperImpl.java:73)
	at com.example.manageruniversity.mapper.RoomClassMapperImpl.timeListToTimeDTOList(RoomClassMapperImpl.java:85)
	at com.example.manageruniversity.mapper.RoomClassMapperImpl.roomClassToDTO(RoomClassMapperImpl.java:44)
	at com.example.manageruniversity.mapper.RoomClassMapperImpl.timeToDTO(RoomClassMapperImpl.java:73)
	at com.example.manageruniversity.mapper.RoomClassMapperImpl.timeListToTimeDTOList(RoomClassMapperImpl.java:85)
	at com.example.manageruniversity.mapper.RoomClassMapperImpl.roomClassToDTO(RoomClassMapperImpl.java:44)
	at com.example.manageruniversity.mapper.RoomClassMapperImpl.timeToDTO(RoomClassMapperImpl.java:73)
	at com.example.manageruniversity.mapper.RoomClassMapperImpl.timeListToTimeDTOList(RoomClassMapperImpl.java:85)
	at com.example.manageruniversity.mapper.RoomClassMapperImpl.roomClassToDTO(RoomClassMapperImpl.java:44)
	at com.example.manageruniversity.mapper.RoomClassMapperImpl.timeToDTO(RoomClassMapperImpl.java:73)
	at com.example.manageruniversity.mapper.RoomClassMapperImpl.timeListToTimeDTOList(RoomClassMapperImpl.java:85)
	at com.example.manageruniversity.mapper.RoomClassMapperImpl.roomClassToDTO(RoomClassMapperImpl.java:44)
	at com.example.manageruniversity.mapper.RoomClassMapperImpl.timeToDTO(RoomClassMapperImpl.java:73)
	at com.example.manageruniversity.mapper.RoomClassMapperImpl.timeListToTimeDTOList(RoomClassMapperImpl.java:85)
	at com.example.manageruniversity.mapper.RoomClassMapperImpl.roomClassToDTO(RoomClassMapperImpl.java:44)
	at com.example.manageruniversity.mapper.RoomClassMapperImpl.timeToDTO(RoomClassMapperImpl.java:73)
	at com.example.manageruniversity.mapper.RoomClassMapperImpl.timeListToTimeDTOList(RoomClassMapperImpl.java:85)
	at com.example.manageruniversity.mapper.RoomClassMapperImpl.roomClassToDTO(RoomClassMapperImpl.java:44)
	at com.example.manageruniversity.mapper.RoomClassMapperImpl.timeToDTO(RoomClassMapperImpl.java:73)
	at com.example.manageruniversity.mapper.RoomClassMapperImpl.timeListToTimeDTOList(RoomClassMapperImpl.java:85)
	at com.example.manageruniversity.mapper.RoomClassMapperImpl.roomClassToDTO(RoomClassMapperImpl.java:44)
	at com.example.manageruniversity.mapper.RoomClassMapperImpl.timeToDTO(RoomClassMapperImpl.java:73)
	at com.example.manageruniversity.mapper.RoomClassMapperImpl.timeListToTimeDTOList(RoomClassMapperImpl.java:85)
	at com.example.manageruniversity.mapper.RoomClassMapperImpl.roomClassToDTO(RoomClassMapperImpl.java:44)
	at com.example.manageruniversity.mapper.RoomClassMapperImpl.timeToDTO(RoomClassMapperImpl.java:73)
	at com.example.manageruniversity.mapper.RoomClassMapperImpl.timeListToTimeDTOList(RoomClassMapperImpl.java:85)
	at com.example.manageruniversity.mapper.RoomClassMapperImpl.roomClassToDTO(RoomClassMapperImpl.java:44)
	at com.example.manageruniversity.mapper.RoomClassMapperImpl.timeToDTO(RoomClassMapperImpl.java:73)
	at com.example.manageruniversity.mapper.RoomClassMapperImpl.timeListToTimeDTOList(RoomClassMapperImpl.java:85)
	at com.example.manageruniversity.mapper.RoomClassMapperImpl.roomClassToDTO(RoomClassMapperImpl.java:44)
	at com.example.manageruniversity.mapper.RoomClassMapperImpl.timeToDTO(RoomClassMapperImpl.java:73)
	at com.example.manageruniversity.mapper.RoomClassMapperImpl.timeListToTimeDTOList(RoomClassMapperImpl.java:85)
	at com.example.manageruniversity.mapper.RoomClassMapperImpl.roomClassToDTO(RoomClassMapperImpl.java:44)
	at com.example.manageruniversity.mapper.RoomClassMapperImpl.timeToDTO(RoomClassMapperImpl.java:73)
	at com.example.manageruniversity.mapper.RoomClassMapperImpl.timeListToTimeDTOList(RoomClassMapperImpl.java:85)
	at com.example.manageruniversity.mapper.RoomClassMapperImpl.roomClassToDTO(RoomClassMapperImpl.java:44)
	at com.example.manageruniversity.mapper.RoomClassMapperImpl.timeToDTO(RoomClassMapperImpl.java:73)
	at com.example.manageruniversity.mapper.RoomClassMapperImpl.timeListToTimeDTOList(RoomClassMapperImpl.java:85)
	at com.example.manageruniversity.mapper.RoomClassMapperImpl.roomClassToDTO(RoomClassMapperImpl.java:44)
	at com.example.manageruniversity.mapper.RoomClassMapperImpl.timeToDTO(RoomClassMapperImpl.java:73)
	at com.example.manageruniversity.mapper.RoomClassMapperImpl.timeListToTimeDTOList(RoomClassMapperImpl.java:85)
	at com.example.manageruniversity.mapper.RoomClassMapperImpl.roomClassToDTO(RoomClassMapperImpl.java:44)
	at com.example.manageruniversity.mapper.RoomClassMapperImpl.timeToDTO(RoomClassMapperImpl.java:73)
	at com.example.manageruniversity.mapper.RoomClassMapperImpl.timeListToTimeDTOList(RoomClassMapperImpl.java:85)
	at com.example.manageruniversity.mapper.RoomClassMapperImpl.roomClassToDTO(RoomClassMapperImpl.java:44)
	at com.example.manageruniversity.mapper.RoomClassMapperImpl.timeToDTO(RoomClassMapperImpl.java:73)
	at com.example.manageruniversity.mapper.RoomClassMapperImpl.timeListToTimeDTOList(RoomClassMapperImpl.java:85)
	at com.example.manageruniversity.mapper.RoomClassMapperImpl.roomClassToDTO(RoomClassMapperImpl.java:44)
	at com.example.manageruniversity.mapper.RoomClassMapperImpl.timeToDTO(RoomClassMapperImpl.java:73)
	at com.example.manageruniversity.mapper.RoomClassMapperImpl.timeListToTimeDTOList(RoomClassMapperImpl.java:85)
	at com.example.manageruniversity.mapper.RoomClassMapperImpl.roomClassToDTO(RoomClassMapperImpl.java:44)
	at com.example.manageruniversity.mapper.RoomClassMapperImpl.timeToDTO(RoomClassMapperImpl.java:73)
	at com.example.manageruniversity.mapper.RoomClassMapperImpl.timeListToTimeDTOList(RoomClassMapperImpl.java:85)
	at com.example.manageruniversity.mapper.RoomClassMapperImpl.roomClassToDTO(RoomClassMapperImpl.java:44)
	at com.example.manageruniversity.mapper.RoomClassMapperImpl.timeToDTO(RoomClassMapperImpl.java:73)
	at com.example.manageruniversity.mapper.RoomClassMapperImpl.timeListToTimeDTOList(RoomClassMapperImpl.java:85)
	at com.example.manageruniversity.mapper.RoomClassMapperImpl.roomClassToDTO(RoomClassMapperImpl.java:44)
	at com.example.manageruniversity.mapper.RoomClassMapperImpl.timeToDTO(RoomClassMapperImpl.java:73)
	at com.example.manageruniversity.mapper.RoomClassMapperImpl.timeListToTimeDTOList(RoomClassMapperImpl.java:85)
	at com.example.manageruniversity.mapper.RoomClassMapperImpl.roomClassToDTO(RoomClassMapperImpl.java:44)
	at com.example.manageruniversity.mapper.RoomClassMapperImpl.timeToDTO(RoomClassMapperImpl.java:73)
	at com.example.manageruniversity.mapper.RoomClassMapperImpl.timeListToTimeDTOList(RoomClassMapperImpl.java:85)
	at com.example.manageruniversity.mapper.RoomClassMapperImpl.roomClassToDTO(RoomClassMapperImpl.java:44)
	at com.example.manageruniversity.mapper.RoomClassMapperImpl.timeToDTO(RoomClassMapperImpl.java:73)
	at com.example.manageruniversity.mapper.RoomClassMapperImpl.timeListToTimeDTOList(RoomClassMapperImpl.java:85)
	at com.example.manageruniversity.mapper.RoomClassMapperImpl.roomClassToDTO(RoomClassMapperImpl.java:44)
	at com.example.manageruniversity.mapper.RoomClassMapperImpl.timeToDTO(RoomClassMapperImpl.java:73)
	at com.example.manageruniversity.mapper.RoomClassMapperImpl.timeListToTimeDTOList(RoomClassMapperImpl.java:85)
	at com.example.manageruniversity.mapper.RoomClassMapperImpl.roomClassToDTO(RoomClassMapperImpl.java:44)
	at com.example.manageruniversity.mapper.RoomClassMapperImpl.timeToDTO(RoomClassMapperImpl.java:73)
	at com.example.manageruniversity.mapper.RoomClassMapperImpl.timeListToTimeDTOList(RoomClassMapperImpl.java:85)
	at com.example.manageruniversity.mapper.RoomClassMapperImpl.roomClassToDTO(RoomClassMapperImpl.java:44)
	at com.example.manageruniversity.mapper.RoomClassMapperImpl.timeToDTO(RoomClassMapperImpl.java:73)
	at com.example.manageruniversity.mapper.RoomClassMapperImpl.timeListToTimeDTOList(RoomClassMapperImpl.java:85)
	at com.example.manageruniversity.mapper.RoomClassMapperImpl.roomClassToDTO(RoomClassMapperImpl.java:44)
	at com.example.manageruniversity.mapper.RoomClassMapperImpl.timeToDTO(RoomClassMapperImpl.java:73)
	at com.example.manageruniversity.mapper.RoomClassMapperImpl.timeListToTimeDTOList(RoomClassMapperImpl.java:85)
	at com.example.manageruniversity.mapper.RoomClassMapperImpl.roomClassToDTO(RoomClassMapperImpl.java:44)
	at com.example.manageruniversity.mapper.RoomClassMapperImpl.timeToDTO(RoomClassMapperImpl.java:73)
	at com.example.manageruniversity.mapper.RoomClassMapperImpl.timeListToTimeDTOList(RoomClassMapperImpl.java:85)
	at com.example.manageruniversity.mapper.RoomClassMapperImpl.roomClassToDTO(RoomClassMapperImpl.java:44)
	at com.example.manageruniversity.mapper.RoomClassMapperImpl.timeToDTO(RoomClassMapperImpl.java:73)
	at com.example.manageruniversity.mapper.RoomClassMapperImpl.timeListToTimeDTOList(RoomClassMapperImpl.java:85)
	at com.example.manageruniversity.mapper.RoomClassMapperImpl.roomClassToDTO(RoomClassMapperImpl.java:44)
	at com.example.manageruniversity.mapper.RoomClassMapperImpl.timeToDTO(RoomClassMapperImpl.java:73)
	at com.example.manageruniversity.mapper.RoomClassMapperImpl.timeListToTimeDTOList(RoomClassMapperImpl.java:85)
	at com.example.manageruniversity.mapper.RoomClassMapperImpl.roomClassToDTO(RoomClassMapperImpl.java:44)
	at com.example.manageruniversity.mapper.RoomClassMapperImpl.timeToDTO(RoomClassMapperImpl.java:73)
	at com.example.manageruniversity.mapper.RoomClassMapperImpl.timeListToTimeDTOList(RoomClassMapperImpl.java:85)
	at com.example.manageruniversity.mapper.RoomClassMapperImpl.roomClassToDTO(RoomClassMapperImpl.java:44)
	at com.example.manageruniversity.mapper.RoomClassMapperImpl.timeToDTO(RoomClassMapperImpl.java:73)
	at com.example.manageruniversity.mapper.RoomClassMapperImpl.timeListToTimeDTOList(RoomClassMapperImpl.java:85)
	at com.example.manageruniversity.mapper.RoomClassMapperImpl.roomClassToDTO(RoomClassMapperImpl.java:44)
[...]
	at com.example.manageruniversity.mapper.RoomClassMapperImpl.roomClassToDTO(RoomClassMapperImpl.java:44)
	at com.example.manageruniversity.mapper.RoomClassMapperImpl.timeToDTO(RoomClassMapperImpl.java:73)
	at com.example.manageruniversity.mapper.RoomClassMapperImpl.timeListToTimeDTOList(RoomClassMapperImpl.java:85)
	at com.example.manageruniversity.mapper.RoomClassMapperImpl.roomClassToDTO(RoomClassMapperImpl.java:44)
	at com.example.manageruniversity.mapper.RoomClassMapperImpl.timeToDTO(RoomClassMapperImpl.java:73)
	at com.example.manageruniversity.mapper.RoomClassMapperImpl.timeListToTimeDTOList(RoomClassMapperImpl.java:85)
	at com.example.manageruniversity.mapper.RoomClassMapperImpl.roomClassToDTO(RoomClassMapperImpl.java:44)
	at com.example.manageruniversity.mapper.RoomClassMapperImpl.timeToDTO(RoomClassMapperImpl.java:73)
	at com.example.manageruniversity.mapper.RoomClassMapperImpl.timeListToTimeDTOList(RoomClassMapperImpl.java:85)
	at com.example.manageruniversity.mapper.RoomClassMapperImpl.roomClassToDTO(RoomClassMapperImpl.java:44)
	at com.example.manageruniversity.mapper.RoomClassMapperImpl.timeToDTO(RoomClassMapperImpl.java:73)
	at com.example.manageruniversity.mapper.RoomClassMapperImpl.timeListToTimeDTOList(RoomClassMapperImpl.java:85)
	at com.example.manageruniversity.mapper.RoomClassMapperImpl.roomClassToDTO(RoomClassMapperImpl.java:44)
	at com.example.manageruniversity.mapper.RoomClassMapperImpl.timeToDTO(RoomClassMapperImpl.java:73)
	at com.example.manageruniversity.mapper.RoomClassMapperImpl.timeListToTimeDTOList(RoomClassMapperImpl.java:85)
	at com.example.manageruniversity.mapper.RoomClassMapperImpl.roomClassToDTO(RoomClassMapperImpl.java:44)
	at com.example.manageruniversity.mapper.RoomClassMapperImpl.timeToDTO(RoomClassMapperImpl.java:73)
	at com.example.manageruniversity.mapper.RoomClassMapperImpl.timeListToTimeDTOList(RoomClassMapperImpl.java:85)
	at com.example.manageruniversity.mapper.RoomClassMapperImpl.roomClassToDTO(RoomClassMapperImpl.java:44)
	at com.example.manageruniversity.mapper.RoomClassMapperImpl.timeToDTO(RoomClassMapperImpl.java:73)
	at com.example.manageruniversity.mapper.RoomClassMapperImpl.timeListToTimeDTOList(RoomClassMapperImpl.java:85)
	at com.example.manageruniversity.mapper.RoomClassMapperImpl.roomClassToDTO(RoomClassMapperImpl.java:44)
	at com.example.manageruniversity.mapper.RoomClassMapperImpl.timeToDTO(RoomClassMapperImpl.java:73)
	at com.example.manageruniversity.mapper.RoomClassMapperImpl.timeListToTimeDTOList(RoomClassMapperImpl.java:85)
	at com.example.manageruniversity.mapper.RoomClassMapperImpl.roomClassToDTO(RoomClassMapperImpl.java:44)
	at com.example.manageruniversity.mapper.RoomClassMapperImpl.timeToDTO(RoomClassMapperImpl.java:73)
	at com.example.manageruniversity.mapper.RoomClassMapperImpl.timeListToTimeDTOList(RoomClassMapperImpl.java:85)
	at com.example.manageruniversity.mapper.RoomClassMapperImpl.roomClassToDTO(RoomClassMapperImpl.java:44)
	at com.example.manageruniversity.mapper.RoomClassMapperImpl.timeToDTO(RoomClassMapperImpl.java:73)
	at com.example.manageruniversity.mapper.RoomClassMapperImpl.timeListToTimeDTOList(RoomClassMapperImpl.java:85)
	at com.example.manageruniversity.mapper.RoomClassMapperImpl.roomClassToDTO(RoomClassMapperImpl.java:44)
	at com.example.manageruniversity.mapper.RoomClassMapperImpl.timeToDTO(RoomClassMapperImpl.java:73)
	at com.example.manageruniversity.mapper.RoomClassMapperImpl.timeListToTimeDTOList(RoomClassMapperImpl.java:85)
	at com.example.manageruniversity.mapper.RoomClassMapperImpl.roomClassToDTO(RoomClassMapperImpl.java:44)
	at com.example.manageruniversity.mapper.RoomClassMapperImpl.timeToDTO(RoomClassMapperImpl.java:73)
	at com.example.manageruniversity.mapper.RoomClassMapperImpl.timeListToTimeDTOList(RoomClassMapperImpl.java:85)
	at com.example.manageruniversity.mapper.RoomClassMapperImpl.roomClassToDTO(RoomClassMapperImpl.java:44)
	at com.example.manageruniversity.mapper.RoomClassMapperImpl.timeToDTO(RoomClassMapperImpl.java:73)
	at com.example.manageruniversity.mapper.RoomClassMapperImpl.timeListToTimeDTOList(RoomClassMapperImpl.java:85)
	at com.example.manageruniversity.mapper.RoomClassMapperImpl.roomClassToDTO(RoomClassMapperImpl.java:44)
	at com.example.manageruniversity.mapper.RoomClassMapperImpl.timeToDTO(RoomClassMapperImpl.java:73)
	at com.example.manageruniversity.mapper.RoomClassMapperImpl.timeListToTimeDTOList(RoomClassMapperImpl.java:85)
	at com.example.manageruniversity.mapper.RoomClassMapperImpl.roomClassToDTO(RoomClassMapperImpl.java:44)
	at com.example.manageruniversity.mapper.RoomClassMapperImpl.timeToDTO(RoomClassMapperImpl.java:73)
	at com.example.manageruniversity.mapper.RoomClassMapperImpl.timeListToTimeDTOList(RoomClassMapperImpl.java:85)
	at com.example.manageruniversity.mapper.RoomClassMapperImpl.roomClassToDTO(RoomClassMapperImpl.java:44)
	at com.example.manageruniversity.mapper.RoomClassMapperImpl.timeToDTO(RoomClassMapperImpl.java:73)
	at com.example.manageruniversity.mapper.RoomClassMapperImpl.timeListToTimeDTOList(RoomClassMapperImpl.java:85)
	at com.example.manageruniversity.mapper.RoomClassMapperImpl.roomClassToDTO(RoomClassMapperImpl.java:44)
	at com.example.manageruniversity.mapper.RoomClassMapperImpl.timeToDTO(RoomClassMapperImpl.java:73)
	at com.example.manageruniversity.mapper.RoomClassMapperImpl.timeListToTimeDTOList(RoomClassMapperImpl.java:85)
	at com.example.manageruniversity.mapper.RoomClassMapperImpl.roomClassToDTO(RoomClassMapperImpl.java:44)
	at com.example.manageruniversity.mapper.RoomClassMapperImpl.timeToDTO(RoomClassMapperImpl.java:73)
	at com.example.manageruniversity.mapper.RoomClassMapperImpl.timeListToTimeDTOList(RoomClassMapperImpl.java:85)
	at com.example.manageruniversity.mapper.RoomClassMapperImpl.roomClassToDTO(RoomClassMapperImpl.java:44)
	at com.example.manageruniversity.mapper.RoomClassMapperImpl.timeToDTO(RoomClassMapperImpl.java:73)
	at com.example.manageruniversity.mapper.RoomClassMapperImpl.timeListToTimeDTOList(RoomClassMapperImpl.java:85)
	at com.example.manageruniversity.mapper.RoomClassMapperImpl.roomClassToDTO(RoomClassMapperImpl.java:44)
	at com.example.manageruniversity.mapper.RoomClassMapperImpl.timeToDTO(RoomClassMapperImpl.java:73)
	at com.example.manageruniversity.mapper.RoomClassMapperImpl.timeListToTimeDTOList(RoomClassMapperImpl.java:85)
	at com.example.manageruniversity.mapper.RoomClassMapperImpl.roomClassToDTO(RoomClassMapperImpl.java:44)
	at com.example.manageruniversity.mapper.RoomClassMapperImpl.timeToDTO(RoomClassMapperImpl.java:73)
	at com.example.manageruniversity.mapper.RoomClassMapperImpl.timeListToTimeDTOList(RoomClassMapperImpl.java:85)
	at com.example.manageruniversity.mapper.RoomClassMapperImpl.roomClassToDTO(RoomClassMapperImpl.java:44)
	at com.example.manageruniversity.mapper.RoomClassMapperImpl.timeToDTO(RoomClassMapperImpl.java:73)
	at com.example.manageruniversity.mapper.RoomClassMapperImpl.timeListToTimeDTOList(RoomClassMapperImpl.java:85)
	at com.example.manageruniversity.mapper.RoomClassMapperImpl.roomClassToDTO(RoomClassMapperImpl.java:44)
	at com.example.manageruniversity.mapper.RoomClassMapperImpl.timeToDTO(RoomClassMapperImpl.java:73)
	at com.example.manageruniversity.mapper.RoomClassMapperImpl.timeListToTimeDTOList(RoomClassMapperImpl.java:85)
	at com.example.manageruniversity.mapper.RoomClassMapperImpl.roomClassToDTO(RoomClassMapperImpl.java:44)
	at com.example.manageruniversity.mapper.RoomClassMapperImpl.timeToDTO(RoomClassMapperImpl.java:73)
	at com.example.manageruniversity.mapper.RoomClassMapperImpl.timeListToTimeDTOList(RoomClassMapperImpl.java:85)
	at com.example.manageruniversity.mapper.RoomClassMapperImpl.roomClassToDTO(RoomClassMapperImpl.java:44)
	at com.example.manageruniversity.mapper.RoomClassMapperImpl.timeToDTO(RoomClassMapperImpl.java:73)
	at com.example.manageruniversity.mapper.RoomClassMapperImpl.timeListToTimeDTOList(RoomClassMapperImpl.java:85)
	at com.example.manageruniversity.mapper.RoomClassMapperImpl.roomClassToDTO(RoomClassMapperImpl.java:44)
	at com.example.manageruniversity.mapper.RoomClassMapperImpl.timeToDTO(RoomClassMapperImpl.java:73)
	at com.example.manageruniversity.mapper.RoomClassMapperImpl.timeListToTimeDTOList(RoomClassMapperImpl.java:85)
	at com.example.manageruniversity.mapper.RoomClassMapperImpl.roomClassToDTO(RoomClassMapperImpl.java:44)
	at com.example.manageruniversity.mapper.RoomClassMapperImpl.timeToDTO(RoomClassMapperImpl.java:73)
	at com.example.manageruniversity.mapper.RoomClassMapperImpl.timeListToTimeDTOList(RoomClassMapperImpl.java:85)
	at com.example.manageruniversity.mapper.RoomClassMapperImpl.roomClassToDTO(RoomClassMapperImpl.java:44)
	at com.example.manageruniversity.mapper.RoomClassMapperImpl.timeToDTO(RoomClassMapperImpl.java:73)
	at com.example.manageruniversity.mapper.RoomClassMapperImpl.timeListToTimeDTOList(RoomClassMapperImpl.java:85)
	at com.example.manageruniversity.mapper.RoomClassMapperImpl.roomClassToDTO(RoomClassMapperImpl.java:44)
	at com.example.manageruniversity.mapper.RoomClassMapperImpl.timeToDTO(RoomClassMapperImpl.java:73)
	at com.example.manageruniversity.mapper.RoomClassMapperImpl.timeListToTimeDTOList(RoomClassMapperImpl.java:85)
	at com.example.manageruniversity.mapper.RoomClassMapperImpl.roomClassToDTO(RoomClassMapperImpl.java:44)
	at com.example.manageruniversity.mapper.RoomClassMapperImpl.timeToDTO(RoomClassMapperImpl.java:73)
	at com.example.manageruniversity.mapper.RoomClassMapperImpl.timeListToTimeDTOList(RoomClassMapperImpl.java:85)
	at com.example.manageruniversity.mapper.RoomClassMapperImpl.roomClassToDTO(RoomClassMapperImpl.java:44)
	at com.example.manageruniversity.mapper.RoomClassMapperImpl.timeToDTO(RoomClassMapperImpl.java:73)
	at com.example.manageruniversity.mapper.RoomClassMapperImpl.timeListToTimeDTOList(RoomClassMapperImpl.java:85)
	at com.example.manageruniversity.mapper.RoomClassMapperImpl.roomClassToDTO(RoomClassMapperImpl.java:44)
	at com.example.manageruniversity.mapper.RoomClassMapperImpl.timeToDTO(RoomClassMapperImpl.java:73)
	at com.example.manageruniversity.mapper.RoomClassMapperImpl.timeListToTimeDTOList(RoomClassMapperImpl.java:85)
	at com.example.manageruniversity.mapper.RoomClassMapperImpl.roomClassToDTO(RoomClassMapperImpl.java:44)
	at com.example.manageruniversity.mapper.RoomClassMapperImpl.timeToDTO(RoomClassMapperImpl.java:73)
	at com.example.manageruniversity.mapper.RoomClassMapperImpl.timeListToTimeDTOList(RoomClassMapperImpl.java:85)
	at com.example.manageruniversity.mapper.RoomClassMapperImpl.roomClassToDTO(RoomClassMapperImpl.java:44)
	at com.example.manageruniversity.mapper.RoomClassMapperImpl.timeToDTO(RoomClassMapperImpl.java:73)
	at com.example.manageruniversity.mapper.RoomClassMapperImpl.timeListToTimeDTOList(RoomClassMapperImpl.java:85)
	at com.example.manageruniversity.mapper.RoomClassMapperImpl.roomClassToDTO(RoomClassMapperImpl.java:44)
	at com.example.manageruniversity.mapper.RoomClassMapperImpl.timeToDTO(RoomClassMapperImpl.java:73)
	at com.example.manageruniversity.mapper.RoomClassMapperImpl.timeListToTimeDTOList(RoomClassMapperImpl.java:85)
	at com.example.manageruniversity.mapper.RoomClassMapperImpl.roomClassToDTO(RoomClassMapperImpl.java:44)
	at com.example.manageruniversity.mapper.RoomClassMapperImpl.timeToDTO(RoomClassMapperImpl.java:73)
	at com.example.manageruniversity.mapper.RoomClassMapperImpl.timeListToTimeDTOList(RoomClassMapperImpl.java:85)
	at com.example.manageruniversity.mapper.RoomClassMapperImpl.roomClassToDTO(RoomClassMapperImpl.java:44)
	at com.example.manageruniversity.mapper.RoomClassMapperImpl.timeToDTO(RoomClassMapperImpl.java:73)
	at com.example.manageruniversity.mapper.RoomClassMapperImpl.timeListToTimeDTOList(RoomClassMapperImpl.java:85)
	at com.example.manageruniversity.mapper.RoomClassMapperImpl.roomClassToDTO(RoomClassMapperImpl.java:44)
	at com.example.manageruniversity.mapper.RoomClassMapperImpl.timeToDTO(RoomClassMapperImpl.java:73)
	at com.example.manageruniversity.mapper.RoomClassMapperImpl.timeListToTimeDTOList(RoomClassMapperImpl.java:85)
	at com.example.manageruniversity.mapper.RoomClassMapperImpl.roomClassToDTO(RoomClassMapperImpl.java:44)
	at com.example.manageruniversity.mapper.RoomClassMapperImpl.timeToDTO(RoomClassMapperImpl.java:73)
	at com.example.manageruniversity.mapper.RoomClassMapperImpl.timeListToTimeDTOList(RoomClassMapperImpl.java:85)
	at com.example.manageruniversity.mapper.RoomClassMapperImpl.roomClassToDTO(RoomClassMapperImpl.java:44)
	at com.example.manageruniversity.mapper.RoomClassMapperImpl.timeToDTO(RoomClassMapperImpl.java:73)
	at com.example.manageruniversity.mapper.RoomClassMapperImpl.timeListToTimeDTOList(RoomClassMapperImpl.java:85)
	at com.example.manageruniversity.mapper.RoomClassMapperImpl.roomClassToDTO(RoomClassMapperImpl.java:44)
	at com.example.manageruniversity.mapper.RoomClassMapperImpl.timeToDTO(RoomClassMapperImpl.java:73)
	at com.example.manageruniversity.mapper.RoomClassMapperImpl.timeListToTimeDTOList(RoomClassMapperImpl.java:85)
	at com.example.manageruniversity.mapper.RoomClassMapperImpl.roomClassToDTO(RoomClassMapperImpl.java:44)
	at com.example.manageruniversity.mapper.RoomClassMapperImpl.timeToDTO(RoomClassMapperImpl.java:73)
	at com.example.manageruniversity.mapper.RoomClassMapperImpl.timeListToTimeDTOList(RoomClassMapperImpl.java:85)
	at com.example.manageruniversity.mapper.RoomClassMapperImpl.roomClassToDTO(RoomClassMapperImpl.java:44)
	at com.example.manageruniversity.mapper.RoomClassMapperImpl.timeToDTO(RoomClassMapperImpl.java:73)
	at com.example.manageruniversity.mapper.RoomClassMapperImpl.timeListToTimeDTOList(RoomClassMapperImpl.java:85)
	at com.example.manageruniversity.mapper.RoomClassMapperImpl.roomClassToDTO(RoomClassMapperImpl.java:44)
	at com.example.manageruniversity.mapper.RoomClassMapperImpl.timeToDTO(RoomClassMapperImpl.java:73)
	at com.example.manageruniversity.mapper.RoomClassMapperImpl.timeListToTimeDTOList(RoomClassMapperImpl.java:85)
	at com.example.manageruniversity.mapper.RoomClassMapperImpl.roomClassToDTO(RoomClassMapperImpl.java:44)
	at com.example.manageruniversity.mapper.RoomClassMapperImpl.timeToDTO(RoomClassMapperImpl.java:73)
	at com.example.manageruniversity.mapper.RoomClassMapperImpl.timeListToTimeDTOList(RoomClassMapperImpl.java:85)
	at com.example.manageruniversity.mapper.RoomClassMapperImpl.roomClassToDTO(RoomClassMapperImpl.java:44)
	at com.example.manageruniversity.mapper.RoomClassMapperImpl.timeToDTO(RoomClassMapperImpl.java:73)
	at com.example.manageruniversity.mapper.RoomClassMapperImpl.timeListToTimeDTOList(RoomClassMapperImpl.java:85)
	at com.example.manageruniversity.mapper.RoomClassMapperImpl.roomClassToDTO(RoomClassMapperImpl.java:44)
	at com.example.manageruniversity.mapper.RoomClassMapperImpl.timeToDTO(RoomClassMapperImpl.java:73)
	at com.example.manageruniversity.mapper.RoomClassMapperImpl.timeListToTimeDTOList(RoomClassMapperImpl.java:85)
	at com.example.manageruniversity.mapper.RoomClassMapperImpl.roomClassToDTO(RoomClassMapperImpl.java:44)
	at com.example.manageruniversity.mapper.RoomClassMapperImpl.timeToDTO(RoomClassMapperImpl.java:73)
	at com.example.manageruniversity.mapper.RoomClassMapperImpl.timeListToTimeDTOList(RoomClassMapperImpl.java:85)
	at com.example.manageruniversity.mapper.RoomClassMapperImpl.roomClassToDTO(RoomClassMapperImpl.java:44)
	at com.example.manageruniversity.mapper.RoomClassMapperImpl.timeToDTO(RoomClassMapperImpl.java:73)
	at com.example.manageruniversity.mapper.RoomClassMapperImpl.timeListToTimeDTOList(RoomClassMapperImpl.java:85)
	at com.example.manageruniversity.mapper.RoomClassMapperImpl.roomClassToDTO(RoomClassMapperImpl.java:44)
	at com.example.manageruniversity.mapper.RoomClassMapperImpl.timeToDTO(RoomClassMapperImpl.java:73)
	at com.example.manageruniversity.mapper.RoomClassMapperImpl.timeListToTimeDTOList(RoomClassMapperImpl.java:85)
	at com.example.manageruniversity.mapper.RoomClassMapperImpl.roomClassToDTO(RoomClassMapperImpl.java:44)
	at com.example.manageruniversity.mapper.RoomClassMapperImpl.timeToDTO(RoomClassMapperImpl.java:73)
	at com.example.manageruniversity.mapper.RoomClassMapperImpl.timeListToTimeDTOList(RoomClassMapperImpl.java:85)
	at com.example.manageruniversity.mapper.RoomClassMapperImpl.roomClassToDTO(RoomClassMapperImpl.java:44)
	at com.example.manageruniversity.mapper.RoomClassMapperImpl.timeToDTO(RoomClassMapperImpl.java:73)
	at com.example.manageruniversity.mapper.RoomClassMapperImpl.timeListToTimeDTOList(RoomClassMapperImpl.java:85)
	at com.example.manageruniversity.mapper.RoomClassMapperImpl.roomClassToDTO(RoomClassMapperImpl.java:44)
	at com.example.manageruniversity.mapper.RoomClassMapperImpl.timeToDTO(RoomClassMapperImpl.java:73)
	at com.example.manageruniversity.mapper.RoomClassMapperImpl.timeListToTimeDTOList(RoomClassMapperImpl.java:85)
	at com.example.manageruniversity.mapper.RoomClassMapperImpl.roomClassToDTO(RoomClassMapperImpl.java:44)
	at com.example.manageruniversity.mapper.RoomClassMapperImpl.timeToDTO(RoomClassMapperImpl.java:73)
	at com.example.manageruniversity.mapper.RoomClassMapperImpl.timeListToTimeDTOList(RoomClassMapperImpl.java:85)
	at com.example.manageruniversity.mapper.RoomClassMapperImpl.roomClassToDTO(RoomClassMapperImpl.java:44)
	at com.example.manageruniversity.mapper.RoomClassMapperImpl.timeToDTO(RoomClassMapperImpl.java:73)
	at com.example.manageruniversity.mapper.RoomClassMapperImpl.timeListToTimeDTOList(RoomClassMapperImpl.java:85)
	at com.example.manageruniversity.mapper.RoomClassMapperImpl.roomClassToDTO(RoomClassMapperImpl.java:44)
	at com.example.manageruniversity.mapper.RoomClassMapperImpl.timeToDTO(RoomClassMapperImpl.java:73)
	at com.example.manageruniversity.mapper.RoomClassMapperImpl.timeListToTimeDTOList(RoomClassMapperImpl.java:85)
	at com.example.manageruniversity.mapper.RoomClassMapperImpl.roomClassToDTO(RoomClassMapperImpl.java:44)
	at com.example.manageruniversity.mapper.RoomClassMapperImpl.timeToDTO(RoomClassMapperImpl.java:73)
	at com.example.manageruniversity.mapper.RoomClassMapperImpl.timeListToTimeDTOList(RoomClassMapperImpl.java:85)
	at com.example.manageruniversity.mapper.RoomClassMapperImpl.roomClassToDTO(RoomClassMapperImpl.java:44)
	at com.example.manageruniversity.mapper.RoomClassMapperImpl.timeToDTO(RoomClassMapperImpl.java:73)
	at com.example.manageruniversity.mapper.RoomClassMapperImpl.timeListToTimeDTOList(RoomClassMapperImpl.java:85)
	at com.example.manageruniversity.mapper.RoomClassMapperImpl.roomClassToDTO(RoomClassMapperImpl.java:44)
	at com.example.manageruniversity.mapper.RoomClassMapperImpl.timeToDTO(RoomClassMapperImpl.java:73)
	at com.example.manageruniversity.mapper.RoomClassMapperImpl.timeListToTimeDTOList(RoomClassMapperImpl.java:85)
	at com.example.manageruniversity.mapper.RoomClassMapperImpl.roomClassToDTO(RoomClassMapperImpl.java:44)
	at com.example.manageruniversity.mapper.RoomClassMapperImpl.timeToDTO(RoomClassMapperImpl.java:73)
	at com.example.manageruniversity.mapper.RoomClassMapperImpl.timeListToTimeDTOList(RoomClassMapperImpl.java:85)
	at com.example.manageruniversity.mapper.RoomClassMapperImpl.roomClassToDTO(RoomClassMapperImpl.java:44)
	at com.example.manageruniversity.mapper.RoomClassMapperImpl.timeToDTO(RoomClassMapperImpl.java:73)
	at com.example.manageruniversity.mapper.RoomClassMapperImpl.timeListToTimeDTOList(RoomClassMapperImpl.java:85)
	at com.example.manageruniversity.mapper.RoomClassMapperImpl.roomClassToDTO(RoomClassMapperImpl.java:44)
	at com.example.manageruniversity.mapper.RoomClassMapperImpl.timeToDTO(RoomClassMapperImpl.java:73)
	at com.example.manageruniversity.mapper.RoomClassMapperImpl.timeListToTimeDTOList(RoomClassMapperImpl.java:85)
	at com.example.manageruniversity.mapper.RoomClassMapperImpl.roomClassToDTO(RoomClassMapperImpl.java:44)
	at com.example.manageruniversity.mapper.RoomClassMapperImpl.timeToDTO(RoomClassMapperImpl.java:73)
	at com.example.manageruniversity.mapper.RoomClassMapperImpl.timeListToTimeDTOList(RoomClassMapperImpl.java:85)

